CPU (CPU tempriture)
/opt/aquarium-pi/bin/cpu_temp.sh
OUT=0
testing [ 47.6 < 50 ]
good
echo $value C
[0;32m47.6 C[0m

DIST (Water Distance Sensor)
/opt/aquarium-pi/bin/dist_arg.py 10
OUT=0
testing [ 67 > 30 ]
testing [ 67 < 70 ]
good

[0;32m67[0m

THERM (Thermal Sensor)
/opt/aquarium-pi/bin/therm.sh f
OUT=0
testing [ 75.75 < 80 ]
testing [ 75.75 > 75 ]
good
echo $value F
[0;32m75.75 F[0m

water_change (Days Since Last Water Change)
/opt/aquarium-pi/bin/water_change.sh
OUT=0
testing [ 6 < 30 ]
good
echo $value days
[0;32m6 days[0m

