1675571982,32 days
1675972801,4 days
1676059201,5 days
1676145601,6 days
1681355521,30 days
1681441921,31 days
1681528321,32 days
1681614721,33 days
1681701121,34 days
1681787522,35 days
1681873981,36 days
1683173341,15 days
1683259741,16 days
1684621081,15 days
1684707481,16 days
1684793881,17 days
1684880281,18 days
1684966681,19 days
1685053081,20 days
1685139481,21 days
1685225881,22 days
1685312281,23 days
1685398681,24 days
1685485081,25 days
1685571481,26 days
1686889561,15 days
1688241601,15 days
1688328001,16 days
1688414402,17 days
1688500861,18 days
1688587262,19 days
1688673721,20 days
