1661056436,42.8
1661059797,43.3
1661059807,43.3
1661059813,43.3
1661059820,43.3
1661059824,43.9
1661060001,43.3
1661061428,43.3
1661061939,43.3
1661062220,43.3
1661063255,43.9
1661063285,43.3
1661063302,43.3
1661086864,43.3
1661088781,43.3
1661088841,43.3
1661088902,43.3
1661088961,43.3
1661089021,42.8
1661089082,43.3
1661089141,43.3
1661089202,44.4
1661089261,43.3
1661089321,44.4
1661089382,43.3
1661089441,43.9
1661089502,44.4
1661089561,44.4
1661089621,43.3
1661089682,44.4
1661089741,43.9
1661089802,43.3
1661089861,43.9
1661089921,43.3
1661089982,43.9
1661090041,43.9
1661090102,43.3
1661090161,43.3
1661090221,43.9
1661090282,43.3
1661090341,43.9
1661090401,43.3
1661090462,43.9
1661090521,43.3
1661090581,43.3
1661090642,44.4
1661090701,44.4
1661090756,44.4
1661090762,44.4
1661090821,44.4
1661090828,44.4
1661090882,43.9
1661090941,44.4
1661091001,43.9
1661091062,43.3
1661091121,43.3
1661091182,43.3
1661091241,43.3
1661091301,43.9
1661091362,43.9
1661091422,43.9
1661091481,43.9
1661091542,43.3
1661091601,43.3
1661091662,43.9
1661091721,43.9
1661091781,43.3
1661091842,44.4
1661091901,43.3
1661091962,43.3
1661092022,43.3
1661092081,43.9
1661092142,43.9
1661092201,43.9
1661092262,43.9
1661092322,43.3
1661092381,44.4
1661092442,43.9
1661092501,43.3
1661092561,43.3
1661092622,44.4
1661092681,43.3
1661092741,44.4
1661092802,44.4
1661092861,44.4
1661092922,44.4
1661092982,44.4
1661093041,44.9
1661093102,44.9
1661093161,44.4
1661093221,44.4
1661093282,44.4
1661093341,44.9
1661093402,44.4
1661093462,44.4
1661093521,44.4
1661093582,44.4
1661093641,44.4
1661093701,44.9
1661093762,44.4
1661093821,44.4
1661093882,44.4
1661093941,44.4
1661094001,44.4
1661094062,44.9
1661094121,44.4
1661094182,44.4
1661094241,44.4
1661094301,43.3
1661094362,44.9
1661094421,44.4
1661094481,44.4
1661094542,44.4
1661094601,44.4
1661094662,44.4
1661094721,44.4
1661094781,44.4
1661094842,44.4
1661094901,44.4
1661094962,44.4
1661095022,44.4
1661095081,44.4
1661095142,44.9
1661095201,44.4
1661095262,44.4
1661095321,44.4
1661095381,44.4
1661095442,44.4
1661095501,44.4
1661095561,44.4
1661095622,44.4
1661095682,44.4
1661095741,44.4
1661095802,44.4
1661095861,44.4
1661095921,44.4
1661095982,43.9
1661096041,44.4
1661096102,44.4
1661096161,44.4
1661096221,44.4
1661096281,44.4
1661096341,44.4
1661096401,44.4
1661096461,44.4
1661096521,44.4
1661096581,44.4
1661096641,44.4
1661096702,44.4
1661096761,44.4
1661096822,44.4
1661096881,44.4
1661096941,45.5
1661097001,44.4
1661097061,44.4
1661097122,44.4
1661097181,44.9
1661097241,44.4
1661097301,44.4
1661097361,44.4
1661097422,44.4
1661097481,44.4
1661097541,43.9
1661097601,44.4
1661097661,44.4
1661097721,44.4
1661097781,44.4
1661097842,44.4
1661097901,44.4
1661097961,43.9
1661098021,44.4
1661098081,44.4
1661098141,44.4
1661098201,44.4
1661098262,44.4
1661098321,43.3
1661098381,44.4
1661098441,44.4
1661098501,43.9
1661098561,44.4
1661098621,44.4
1661098681,44.4
1661098741,44.4
1661098801,44.4
1661098861,44.4
1661098921,44.4
1661098982,44.4
1661099041,44.4
1661099101,43.9
1661099161,43.3
1661099221,44.4
1661099282,44.4
1661099341,44.4
1661099401,43.3
1661099461,44.4
1661099521,43.3
1661099582,43.9
1661099641,43.9
1661099701,43.3
1661099761,43.9
1661099821,43.3
1661099881,43.3
1661099941,43.3
1661100002,43.9
1661100061,43.3
1661100121,43.3
1661100181,43.9
1661100241,44.4
1661100301,43.3
1661100362,43.3
1661100421,43.9
1661100481,43.3
1661100541,43.3
1661100601,43.3
1661100661,43.3
1661100721,44.4
1661100781,43.3
1661100841,43.3
1661100901,43.9
1661100961,43.3
1661101021,43.3
1661101082,43.9
1661101141,43.3
1661101201,43.3
1661101261,43.3
1661101321,43.9
1661101381,43.3
1661101441,43.9
1661101501,43.3
1661101561,43.3
1661101621,43.3
1661101681,42.8
1661101741,43.3
1661101802,43.3
1661101861,43.3
1661101922,43.9
1661101981,43.3
1661102041,43.3
1661102101,43.3
1661102161,43.3
1661102222,43.9
1661102281,44.4
1661102341,43.9
1661102401,43.3
1661102461,43.3
1661102521,43.9
1661102581,44.4
1661102641,43.3
1661102701,43.9
1661102761,43.9
1661102821,43.3
1661102881,43.3
1661102941,43.3
1661103002,43.9
1661103061,43.3
1661103121,43.3
1661103181,43.3
1661103241,43.3
1661103301,42.8
1661103361,43.3
1661103421,43.3
1661103481,43.9
1661103541,43.3
1661103601,43.3
1661103661,43.3
1661103721,43.3
1661103781,43.3
1661103841,43.3
1661103901,43.3
1661103961,43.3
1661104022,43.3
1661104081,43.3
1661104141,43.3
1661104201,43.3
1661104261,43.3
1661104321,43.3
1661104381,43.3
1661104441,43.3
1661104501,43.3
1661104561,43.3
1661104621,43.3
1661104681,43.3
1661104742,44.4
1661104801,43.9
1661104861,43.3
1661104921,43.3
1661104981,43.3
1661105041,43.3
1661105102,43.3
1661105161,43.3
1661105221,43.3
1661105281,43.3
1661105341,42.8
1661105401,43.3
1661105461,43.3
1661105521,43.3
1661105581,43.3
1661105641,43.3
1661105701,43.3
1661105761,43.9
1661105821,43.3
1661105881,43.3
1661105941,43.3
1661106001,43.3
1661106061,43.3
1661106121,43.3
1661106181,43.3
1661106242,43.3
1661106301,43.3
1661106361,43.9
1661106421,43.3
1661106481,43.3
1661106541,43.3
1661106601,43.3
1661106661,43.3
1661106721,43.3
1661106781,43.3
1661106841,43.3
1661106901,43.3
1661106962,43.9
1661107021,43.3
1661107081,43.3
1661107141,43.3
1661107201,43.3
1661107261,43.3
1661107321,43.3
1661107381,43.3
1661107441,43.3
1661107501,43.3
1661107561,43.3
1661107622,43.3
1661107681,43.3
1661107741,43.3
1661107801,43.3
1661107861,43.3
1661107922,43.3
1661107981,43.3
1661108041,43.3
1661108101,43.3
1661108161,43.3
1661108221,43.3
1661108281,43.3
1661108341,42.8
1661108401,43.3
1661108462,43.3
1661108521,43.3
1661108581,43.9
1661108641,43.3
1661108701,43.3
1661108761,43.3
1661108821,44.4
1661108881,43.3
1661108941,43.3
1661109001,43.3
1661109061,43.3
1661109121,43.3
1661109181,43.3
1661109241,43.3
1661109301,42.8
1661109361,43.3
1661109422,43.3
1661109481,42.8
1661109541,43.3
1661109601,43.9
1661109661,43.3
1661109721,43.3
1661109781,42.8
1661109841,43.3
1661109901,43.3
1661109961,42.8
1661110022,43.3
1661110081,43.3
1661110141,42.8
1661110201,43.3
1661110261,43.3
1661110321,43.3
1661110381,43.3
1661110441,43.3
1661110502,43.3
1661110561,43.3
1661110621,42.8
1661110681,43.3
1661110741,43.3
1661110801,43.3
1661110861,43.3
1661110921,43.3
1661110981,43.3
1661111041,43.3
1661111101,43.3
1661111161,43.3
1661111221,43.3
1661111281,43.3
1661111341,43.3
1661111401,43.3
1661111461,42.8
1661111521,43.3
1661111581,43.3
1661111641,43.3
1661111701,43.3
1661111762,43.3
1661111821,42.8
1661111881,43.3
1661111941,42.8
1661112001,43.3
1661112061,42.8
1661112121,42.8
1661112182,43.3
1661112241,43.3
1661112301,43.3
1661112361,43.3
1661112421,43.3
1661112481,43.3
1661112541,43.9
1661112602,43.3
1661112661,43.3
1661112721,43.3
1661112781,43.3
1661112841,42.8
1661112901,42.8
1661112961,43.3
1661113021,43.3
1661113081,43.3
1661113141,43.3
1661113201,43.3
1661113261,42.8
1661113321,43.3
1661113381,43.3
1661113441,43.3
1661113501,43.3
1661113561,43.3
1661113622,42.8
1661113681,43.3
1661113741,43.3
1661113801,43.3
1661113861,43.3
1661113922,43.3
1661113981,43.3
1661114041,43.3
1661114101,43.3
1661114161,42.8
1661114221,42.2
1661114281,43.3
1661114342,43.3
1661114401,43.3
1661114461,43.3
1661114521,42.8
1661114581,42.8
1661114641,42.8
1661114701,43.3
1661114761,43.3
1661114821,43.3
1661114881,42.8
1661114941,43.3
1661115001,43.3
1661115061,43.3
1661115121,43.3
1661115182,43.3
1661115241,43.3
1661115301,43.3
1661115361,43.3
1661115421,43.3
1661115482,43.3
1661115541,43.3
1661115601,43.3
1661115662,42.8
1661115721,43.3
1661115782,43.3
1661115841,42.2
1661115901,43.3
1661115961,43.3
1661116021,43.3
1661116082,42.8
1661116141,43.3
1661116201,43.3
1661116261,43.3
1661116321,42.8
1661116381,42.8
1661116441,42.8
1661116501,42.8
1661116561,43.3
1661116621,43.3
1661116681,43.3
1661116741,43.3
1661116801,42.2
1661116862,43.3
1661116921,43.3
1661116982,42.8
1661117041,43.3
1661117101,42.8
1661117161,43.3
1661117221,43.3
1661117281,43.3
1661117341,43.3
1661117402,43.3
1661117461,43.3
1661117521,43.3
1661117581,43.3
1661117641,43.3
1661117701,43.3
1661117761,43.3
1661117822,42.8
1661117881,43.3
1661117941,43.3
1661118001,43.3
1661118061,43.3
1661118121,43.3
1661118181,43.3
1661118241,43.3
1661118301,42.8
1661118361,43.3
1661118421,43.3
1661118481,43.3
1661118542,43.3
1661118601,42.8
1661118662,43.3
1661118721,43.3
1661118781,43.3
1661118841,43.3
1661118901,43.3
1661118961,43.3
1661119021,43.3
1661119081,43.3
1661119141,42.8
1661119201,43.3
1661119261,43.3
1661119321,43.3
1661119381,43.3
1661119441,43.3
1661119501,42.8
1661119561,42.8
1661119621,42.8
1661119681,42.8
1661119741,43.3
1661119801,43.3
1661119861,42.8
1661119921,42.8
1661119981,42.8
1661120041,43.3
1661120101,42.8
1661120161,43.3
1661120221,42.8
1661120281,42.8
1661120341,42.8
1661120401,43.3
1661120461,43.3
1661120521,43.3
1661120582,42.8
1661120641,42.8
1661120702,42.8
1661120761,43.3
1661120822,43.3
1661120881,42.8
1661120941,42.8
1661121001,41.7
1661121061,41.2
1661121121,40.6
1661121181,41.2
1661121242,41.2
1661121301,40.6
1661121361,40.1
1661121421,40.1
1661121481,40.1
1661121541,40.1
1661121601,40.6
1661121661,40.1
1661121721,40.1
1661121781,40.1
1661121841,40.1
1661121902,40.1
1661121961,40.1
1661122021,40.1
1661122081,40.1
1661122141,40.1
1661122201,40.1
1661122261,40.1
1661122321,40.1
1661122381,40.1
1661122442,40.1
1661122501,40.1
1661122561,40.1
1661122621,40.1
1661122681,40.1
1661122741,40.1
1661122801,40.1
1661122861,39.5
1661122921,39.5
1661122982,39.5
1661123041,40.1
1661123101,40.1
1661123161,40.1
1661123221,40.1
1661123281,40.1
1661123341,40.1
1661123401,40.1
1661123461,40.1
1661123521,39.5
1661123581,40.1
1661123641,40.1
1661123701,40.1
1661123761,40.1
1661123821,40.1
1661123881,40.1
1661123942,40.1
1661124001,39.5
1661124061,40.1
1661124121,40.1
1661124181,40.1
1661124242,40.1
1661124301,40.1
1661124361,40.1
1661124421,40.1
1661124481,40.1
1661124541,40.1
1661124601,40.1
1661124661,40.6
1661124721,40.6
1661124782,41.2
1661124841,40.6
1661124901,41.2
1661124961,41.2
1661125021,41.2
1661125081,42.2
1661125141,42.2
1661125202,42.2
1661125261,42.8
1661125321,42.2
1661125381,42.2
1661125441,42.2
1661125501,42.2
1661125561,42.2
1661125621,42.8
1661125681,42.8
1661125741,43.3
1661125801,43.3
1661125861,42.8
1661125922,42.8
1661125981,42.8
1661126041,43.3
1661126101,42.8
1661126161,42.8
1661126222,43.3
1661126281,43.3
1661126341,42.8
1661126401,43.3
1661126461,42.8
1661126522,43.3
1661126581,43.3
1661126641,43.3
1661126701,42.8
1661126761,43.3
1661126822,43.3
1661126881,43.3
1661126941,42.8
1661127001,42.8
1661127061,43.3
1661127121,43.3
1661127181,42.8
1661127241,42.8
1661127301,43.3
1661127361,43.3
1661127421,42.8
1661127481,42.8
1661127541,42.8
1661127601,42.8
1661127661,42.8
1661127722,42.8
1661127781,43.3
1661127841,43.3
1661127901,43.3
1661127961,43.3
1661128021,43.3
1661128081,42.8
1661128141,42.8
1661128201,43.3
1661128261,42.8
1661128321,43.3
1661128381,43.3
1661128442,42.8
1661128501,43.3
1661128561,43.3
1661128621,43.3
1661128681,43.3
1661128742,43.3
1661128801,43.3
1661128861,43.3
1661128921,43.3
1661128981,43.3
1661129041,43.9
1661129101,43.9
1661129162,43.3
1661129221,43.3
1661129281,42.8
1661129342,43.3
1661129401,43.3
1661129461,43.3
1661129521,43.3
1661129581,43.3
1661129641,43.3
1661129701,42.8
1661129762,43.3
1661129821,43.3
1661129881,43.3
1661129941,42.8
1661130001,43.3
1661130061,43.3
1661130121,42.8
1661130181,43.3
1661130241,43.3
1661130302,43.3
1661130361,43.3
1661130421,43.3
1661130481,43.3
1661130541,43.3
1661130601,42.8
1661130661,43.3
1661130721,43.3
1661130781,43.3
1661130842,43.9
1661130901,43.9
1661130961,43.3
1661131021,43.3
1661131081,43.3
1661131141,43.9
1661131201,42.8
1661131262,43.3
1661131321,43.3
1661131381,43.3
1661131441,43.3
1661131501,43.3
1661131561,43.9
1661131621,43.3
1661131682,43.3
1661131741,43.3
1661131801,43.3
1661131861,43.3
1661131921,42.8
1661131981,43.3
1661132041,43.3
1661132101,43.3
1661132161,43.3
1661132221,43.3
1661132282,43.3
1661132341,43.3
1661132401,43.3
1661132462,42.8
1661132521,43.3
1661132581,43.3
1661132641,43.3
1661132701,43.3
1661132761,43.3
1661132821,43.9
1661132881,43.3
1661132941,43.3
1661133001,42.8
1661133061,43.3
1661133121,43.3
1661133181,43.3
1661133241,43.3
1661133301,43.3
1661133361,43.3
1661133421,43.3
1661133481,43.3
1661133541,43.9
1661133602,43.9
1661133661,43.9
1661133721,43.3
1661133781,43.3
1661133841,43.3
1661133902,43.3
1661133961,43.3
1661134021,43.3
1661134081,42.8
1661134141,42.8
1661134201,43.3
1661134261,44.4
1661134321,43.3
1661134381,43.3
1661134441,43.9
1661134501,43.3
1661134561,43.9
1661134621,43.3
1661134681,43.3
1661134742,43.3
1661134801,43.3
1661134861,43.3
1661134921,43.3
1661134981,42.8
1661135041,43.3
1661135101,43.9
1661135162,43.3
1661135221,43.3
1661135281,43.9
1661135341,43.3
1661135401,43.3
1661135462,43.3
1661135521,43.3
1661135581,43.3
1661135641,43.3
1661135701,43.3
1661135761,43.3
1661135821,43.3
1661135881,43.3
1661135941,43.3
1661136001,43.3
1661136061,43.3
1661136121,43.3
1661136181,43.3
1661136241,43.3
1661136302,43.3
1661136361,43.3
1661136421,43.3
1661136481,43.9
1661136541,43.3
1661136601,43.3
1661136661,43.3
1661136722,43.3
1661136781,43.3
1661136841,43.3
1661136901,43.3
1661136961,43.3
1661137021,43.3
1661137081,42.8
1661137141,43.3
1661137201,43.3
1661137261,43.3
1661137321,43.3
1661137381,43.3
1661137441,43.3
1661137501,43.3
1661137562,43.3
1661137621,43.3
1661137681,43.3
1661137741,43.3
1661137801,43.3
1661137862,43.3
1661137921,43.3
1661137981,43.3
1661138042,43.3
1661138101,43.3
1661138161,43.3
1661138222,42.8
1661138281,43.3
1661138342,43.3
1661138401,43.3
1661138461,43.3
1661138521,43.3
1661138581,43.3
1661138642,43.3
1661138701,43.3
1661138761,43.3
1661138821,42.8
1661138881,43.3
1661138942,43.3
1661139001,43.3
1661139061,43.3
1661139122,43.3
1661139181,43.3
1661139242,43.3
1661139301,43.3
1661139361,42.8
1661139421,43.3
1661139481,43.3
1661139541,43.9
1661139601,43.3
1661139661,43.3
1661139721,43.9
1661139781,42.8
1661139841,43.3
1661139901,42.8
1661139962,43.3
1661140021,43.3
1661140081,43.3
1661140141,43.3
1661140201,43.3
1661140262,43.3
1661140321,43.3
1661140381,43.3
1661140441,43.3
1661140501,43.3
1661140562,43.3
1661140621,43.3
1661140681,43.3
1661140741,43.3
1661140801,43.3
1661140861,43.3
1661140921,43.3
1661140982,43.3
1661141041,43.9
1661141101,43.3
1661141161,43.3
1661141221,43.3
1661141281,43.3
1661141341,42.8
1661141401,43.3
1661141461,43.3
1661141521,43.3
1661141581,42.8
1661141641,42.8
1661141701,42.8
1661141761,43.3
1661141822,43.3
1661141881,43.3
1661141941,43.3
1661142001,43.3
1661142061,43.3
1661142121,43.3
1661142181,43.3
1661142241,42.8
1661142301,43.9
1661142361,43.3
1661142422,43.3
1661142481,43.3
1661142541,43.3
1661142601,42.8
1661142661,43.3
1661142721,43.3
1661142781,43.3
1661142842,43.3
1661142901,43.3
1661142961,43.3
1661143021,43.3
1661143081,43.3
1661143141,43.3
1661143201,43.3
1661143262,42.8
1661143321,43.3
1661143381,43.9
1661143441,42.8
1661143501,43.3
1661143561,43.3
1661143621,43.3
1661143681,42.8
1661143741,43.3
1661143801,43.3
1661143861,43.9
1661143922,43.3
1661143981,43.3
1661144041,43.3
1661144101,43.3
1661144161,43.3
1661144222,43.3
1661144281,43.3
1661144341,43.3
1661144401,43.3
1661144461,43.3
1661144522,43.3
1661144581,43.3
1661144641,43.3
1661144701,43.9
1661144761,43.3
1661144822,43.9
1661144881,43.3
1661144941,43.3
1661145001,43.3
1661145061,43.3
1661145122,43.3
1661145181,43.3
1661145241,43.3
1661145301,43.3
1661145361,43.3
1661145421,43.3
1661145481,43.3
1661145541,43.3
1661145601,43.3
1661145661,43.3
1661145721,43.9
1661145781,43.3
1661145842,43.9
1661145901,43.3
1661145961,43.3
1661146021,43.3
1661146081,43.3
1661146142,43.9
1661146201,43.9
1661146261,43.9
1661146321,43.9
1661146381,43.3
1661146441,44.4
1661146501,43.3
1661146561,43.3
1661146621,43.3
1661146681,43.3
1661146742,43.3
1661146801,43.3
1661146861,42.8
1661146921,43.3
1661146981,43.3
1661147041,43.3
1661147101,43.3
1661147161,43.3
1661147221,43.9
1661147282,43.3
1661147341,43.3
1661147401,43.3
1661147461,43.3
1661147521,43.3
1661147581,44.4
1661147641,43.3
1661147701,43.3
1661147761,43.3
1661147821,43.3
1661147881,43.3
1661147941,43.3
1661148001,43.3
1661148061,43.3
1661148121,43.3
1661148181,43.3
1661148241,43.9
1661148301,43.3
1661148362,43.3
1661148421,43.3
1661148481,43.3
1661148541,43.3
1661148601,43.3
1661148662,43.9
1661148721,43.3
1661148781,43.3
1661148841,43.3
1661148901,43.3
1661148961,43.3
1661149021,43.3
1661149081,43.3
1661149141,43.3
1661149201,43.3
1661149261,43.3
1661149321,43.3
1661149382,43.3
1661149441,43.3
1661149501,43.9
1661149561,43.3
1661149621,43.3
1661149681,43.3
1661149741,43.3
1661149801,43.3
1661149861,43.3
1661149921,43.3
1661149981,43.9
1661150041,43.3
1661150101,43.3
1661150161,43.3
1661150221,43.3
1661150281,43.3
1661150341,43.3
1661150401,43.9
1661150461,44.4
1661150521,43.3
1661150581,43.3
1661150641,43.3
1661150702,43.3
1661150761,43.3
1661150821,43.3
1661150881,43.3
1661150941,43.3
1661151001,43.3
1661151061,43.3
1661151121,43.3
1661151181,43.9
1661151241,43.3
1661151301,43.3
1661151361,43.3
1661151421,43.3
1661151481,43.3
1661151542,43.3
1661151601,43.3
1661151661,43.3
1661151721,43.3
1661151781,43.3
1661151841,43.3
1661151901,43.3
1661151962,43.3
1661152021,43.3
1661152081,43.3
1661152141,43.3
1661152201,43.3
1661152262,43.3
1661152321,43.3
1661152382,43.3
1661152441,43.3
1661152501,43.3
1661152561,43.3
1661152621,43.9
1661152682,44.4
1661152741,43.3
1661152801,43.3
1661152861,43.3
1661152921,43.3
1661152981,43.3
1661153041,43.3
1661153101,43.3
1661153161,43.3
1661153221,43.3
1661153281,43.3
1661153341,43.3
1661153401,43.3
1661153462,43.3
1661153521,43.3
1661153581,43.9
1661153641,43.3
1661153701,43.3
1661153761,44.4
1661153821,43.3
1661153881,43.3
1661153941,43.3
1661154001,43.9
1661154062,43.3
1661154121,43.3
1661154181,43.3
1661154241,43.3
1661154301,43.9
1661154362,43.3
1661154421,43.9
1661154481,43.3
1661154541,43.3
1661154601,43.9
1661154661,44.4
1661154721,44.4
1661154781,43.3
1661154841,43.3
1661154901,43.3
1661154961,43.3
1661155021,44.4
1661155082,43.3
1661155141,43.9
1661155202,43.9
1661155261,43.3
1661155321,43.3
1661155381,43.3
1661155441,43.9
1661155502,43.9
1661155561,43.3
1661155621,43.3
1661155681,43.3
1661155741,43.3
1661155801,43.3
1661155861,43.9
1661155922,43.9
1661155981,43.3
1661156041,43.3
1661156101,43.3
1661156161,43.3
1661156222,44.4
1661156281,43.3
1661156341,43.9
1661156401,44.4
1661156461,43.3
1661156522,43.9
1661156581,44.4
1661156642,44.4
1661156701,43.3
1661156761,43.9
1661156821,43.9
1661156881,43.3
1661156941,43.3
1661157001,43.3
1661157062,43.3
1661157121,44.4
1661157182,43.3
1661157241,43.3
1661157301,43.3
1661157361,44.4
1661157421,43.3
1661157482,43.3
1661157541,43.9
1661157601,43.3
1661157661,43.3
1661157721,43.3
1661157781,43.9
1661157841,43.9
1661157901,43.3
1661157961,42.8
1661158021,43.9
1661158081,43.9
1661158141,43.3
1661158201,43.9
1661158261,43.9
1661158321,43.9
1661158381,43.3
1661158441,43.3
1661158501,44.4
1661158562,43.3
1661158621,44.4
1661158681,43.3
1661158741,44.4
1661158801,43.3
1661158861,43.3
1661158921,43.3
1661158981,43.9
1661159041,43.9
1661159102,43.3
1661159161,43.3
1661159221,43.3
1661159281,43.3
1661159341,43.3
1661159401,43.3
1661159461,43.3
1661159521,43.3
1661159581,44.4
1661159641,43.3
1661159701,43.3
1661159761,43.9
1661159822,44.4
1661159881,43.3
1661159941,43.3
1661160001,43.3
1661160061,43.3
1661160121,43.3
1661160181,43.3
1661160242,43.9
1661160301,43.9
1661160361,43.3
1661160421,43.9
1661160481,43.3
1661160542,43.3
1661160601,43.9
1661160661,44.4
1661160721,43.9
1661160781,43.9
1661160842,43.3
1661160901,43.3
1661160961,43.9
1661161021,43.9
1661161081,43.9
1661161142,44.4
1661161201,43.3
1661161261,43.3
1661161321,44.4
1661161381,44.4
1661161441,43.3
1661161501,43.3
1661161561,44.4
1661161621,43.3
1661161681,43.3
1661161741,44.4
1661161801,43.3
1661161862,43.3
1661161921,43.3
1661161981,44.4
1661162041,43.3
1661162101,43.9
1661162162,43.9
1661162221,44.4
1661162281,43.9
1661162341,43.3
1661162401,43.3
1661162462,43.9
1661162521,44.4
1661162582,43.9
1661162641,44.4
1661162701,44.4
1661162761,43.9
1661162821,43.9
1661162882,43.9
1661162941,43.9
1661163001,44.4
1661163061,43.9
1661163121,43.9
1661163181,44.4
1661163241,43.3
1661163302,44.4
1661163361,44.4
1661163421,43.3
1661163481,43.3
1661163541,44.4
1661163601,43.9
1661163661,44.4
1661163722,44.4
1661163781,43.3
1661163841,43.3
1661163901,44.4
1661163961,43.9
1661164022,44.4
1661164081,43.9
1661164141,43.9
1661164201,43.9
1661164261,44.4
1661164322,43.3
1661164381,44.4
1661164442,43.9
1661164501,43.9
1661164561,43.9
1661164621,43.3
1661164681,44.4
1661164742,43.9
1661164801,44.4
1661164861,44.4
1661164921,43.9
1661164981,43.3
1661165042,43.3
1661165101,43.9
1661165161,43.9
1661165221,43.9
1661165281,43.9
1661165341,43.3
1661165401,43.9
1661165462,44.4
1661165521,44.4
1661165581,43.3
1661165641,43.3
1661165701,44.9
1661165761,43.3
1661165821,44.4
1661165881,43.9
1661165941,43.9
1661166002,43.3
1661166061,43.9
1661166121,43.3
1661166181,43.3
1661166241,43.3
1661166301,43.9
1661166361,43.3
1661166422,44.4
1661166481,43.3
1661166541,44.4
1661166601,44.4
1661166661,43.9
1661166722,43.3
1661166781,43.3
1661166841,43.9
1661166901,43.9
1661166961,43.3
1661167022,43.3
1661167081,44.4
1661167141,44.4
1661167201,43.3
1661167261,44.4
1661167321,43.3
1661167381,43.3
1661167442,44.4
1661167501,43.9
1661167561,43.3
1661167621,43.3
1661167681,43.9
1661167742,44.4
1661167801,44.4
1661167862,44.4
1661167921,44.4
1661167981,43.3
1661168041,43.9
1661168101,43.3
1661168162,43.3
1661168221,43.3
1661168281,43.9
1661168341,43.3
1661168401,44.4
1661168461,44.4
1661168521,44.4
1661168581,43.3
1661168641,43.3
1661168701,43.9
1661168761,43.3
1661168821,44.4
1661168881,44.4
1661168941,44.4
1661169001,43.3
1661169061,43.9
1661169121,43.9
1661169182,43.9
1661169241,43.9
1661169301,43.9
1661169361,44.4
1661169421,43.3
1661169481,43.9
1661169541,43.9
1661169602,44.4
1661169661,44.4
1661169721,43.9
1661169781,43.9
1661169841,43.3
1661169901,43.3
1661169961,44.4
1661170022,43.3
1661170081,44.4
1661170141,44.4
1661170201,43.9
1661170261,43.9
1661170321,43.3
1661170381,43.9
1661170441,43.9
1661170501,43.9
1661170561,44.4
1661170622,43.3
1661170681,43.9
1661170741,43.3
1661170801,43.9
1661170861,44.4
1661170921,43.3
1661170981,43.9
1661171041,43.3
1661171102,44.4
1661171161,43.9
1661171221,44.4
1661171281,43.3
1661171341,43.3
1661171402,43.9
1661171461,43.9
1661171521,43.3
1661171581,43.9
1661171641,44.4
1661171702,43.9
1661171761,44.4
1661171822,44.4
1661171881,43.3
1661171941,43.3
1661172001,43.3
1661172061,43.9
1661172122,44.4
1661172181,43.9
1661172241,44.4
1661172301,43.9
1661172361,43.3
1661172421,43.3
1661172481,43.3
1661172541,43.3
1661172601,44.4
1661172661,44.4
1661172721,43.3
1661172781,43.9
1661172841,44.4
1661172901,44.4
1661172961,44.4
1661173022,44.4
1661173081,43.9
1661173141,44.4
1661173201,43.9
1661173261,44.4
1661173321,44.4
1661173381,44.4
1661173442,44.4
1661173501,43.3
1661173561,43.9
1661173621,44.4
1661173681,44.4
1661173741,43.3
1661173801,44.4
1661173862,43.9
1661173921,44.4
1661173981,44.4
1661174041,44.4
1661174101,44.4
1661174161,44.4
1661174222,43.9
1661174281,44.4
1661174341,44.4
1661174401,44.4
1661174461,44.4
1661174522,44.4
1661174581,44.4
1661174641,44.4
1661174701,44.4
1661174761,44.4
1661174822,44.4
1661174881,44.4
1661174941,44.4
1661175001,44.4
1661175061,44.4
1661175121,44.9
1661175181,44.4
1661175242,44.4
1661175301,44.4
1661175361,44.4
1661175421,44.4
1661175481,44.4
1661175541,44.4
1661175601,44.4
1661175661,43.9
1661175721,44.4
1661175781,44.4
1661175841,44.4
1661175902,44.4
1661175961,44.4
1661176021,44.4
1661176082,44.4
1661176141,44.4
1661176201,43.9
1661176261,44.4
1661176321,44.4
1661176382,43.9
1661176441,44.4
1661176501,44.4
1661176561,44.4
1661176621,44.9
1661176681,44.4
1661176741,44.4
1661176802,44.4
1661176861,44.4
1661176921,44.4
1661176981,44.4
1661177041,44.4
1661177101,44.4
1661177161,44.4
1661177222,44.4
1661177281,44.4
1661177341,44.4
1661177401,44.9
1661177461,44.4
1661177521,44.4
1661177581,44.4
1661177642,44.4
1661177701,44.4
1661177762,44.4
1661177821,44.4
1661177881,44.4
1661177941,44.4
1661178001,44.4
1661178062,44.4
1661178121,44.4
1661178181,44.4
1661178241,44.4
1661178301,44.4
1661178361,44.4
1661178421,44.4
1661178481,44.4
1661178541,44.4
1661178601,44.4
1661178661,44.4
1661178722,44.4
1661178781,44.4
1661178841,44.4
1661178901,44.4
1661178961,44.4
1661179021,44.4
1661179081,44.4
1661179141,44.4
1661179201,44.4
1661179261,44.4
1661179321,44.4
1661179381,44.4
1661179441,44.4
1661179501,44.4
1661179562,44.4
1661179621,44.9
1661179682,44.4
1661179741,44.4
1661179801,44.4
1661179861,44.4
1661179921,44.4
1661179982,44.4
1661180041,44.4
1661180101,44.4
1661180161,44.4
1661180221,44.4
1661180282,43.9
1661180341,44.4
1661180401,44.4
1661180461,44.4
1661180521,44.4
1661180582,43.9
1661180641,44.4
1661180701,44.4
1661180761,44.4
1661180821,44.4
1661180882,44.4
1661180941,44.4
1661181001,44.4
1661181061,44.4
1661181121,44.4
1661181181,43.9
1661181241,44.4
1661181301,43.9
1661181361,44.4
1661181421,44.4
1661181482,44.4
1661181541,44.4
1661181601,43.9
1661181661,44.4
1661181721,44.4
1661181781,44.4
1661181841,44.4
1661181901,43.9
1661181961,43.9
1661182021,44.4
1661182082,44.4
1661182141,43.9
1661182201,44.4
1661182261,44.4
1661182321,44.4
1661182381,43.9
1661182441,44.4
1661182501,44.4
1661182561,44.4
1661182621,44.4
1661182681,44.4
1661182741,44.4
1661182801,44.4
1661182861,43.9
1661182922,44.4
1661182981,44.4
1661183041,43.9
1661183101,44.4
1661183161,43.9
1661183221,43.9
1661183281,43.3
1661183341,43.9
1661183401,44.4
1661183461,43.3
1661183521,43.9
1661183581,43.9
1661183641,43.9
1661183701,43.9
1661183761,43.3
1661183821,43.3
1661183881,43.9
1661183942,44.4
1661184001,43.9
1661184062,44.4
1661184121,43.3
1661184181,43.3
1661184241,44.4
1661184301,43.9
1661184361,43.3
1661184421,43.3
1661184481,44.4
1661184541,44.4
1661184602,43.9
1661184661,43.9
1661184721,44.4
1661184781,43.9
1661184841,43.9
1661184901,43.3
1661184961,43.3
1661185022,43.3
1661185081,44.4
1661185141,43.9
1661185201,43.3
1661185261,43.3
1661185322,43.3
1661185381,44.4
1661185441,43.3
1661185501,44.4
1661185561,43.9
1661185621,44.4
1661185681,43.9
1661185741,44.4
1661185801,43.9
1661185861,44.4
1661185921,43.3
1661185981,44.4
1661186041,44.4
1661186101,44.4
1661186161,43.3
1661186221,43.3
1661186281,43.9
1661186342,43.3
1661186401,43.3
1661186461,43.3
1661186521,43.9
1661186581,43.3
1661186641,43.3
1661186701,44.4
1661186762,44.4
1661186821,44.4
1661186881,43.9
1661186941,43.3
1661187001,44.4
1661187061,43.3
1661187121,43.9
1661187181,43.9
1661187241,43.9
1661187302,44.4
1661187361,43.9
1661187421,43.3
1661187482,43.9
1661187541,43.9
1661187601,43.3
1661187661,43.3
1661187721,43.3
1661187781,43.3
1661187841,43.9
1661187902,44.4
1661187961,43.3
1661188022,44.4
1661188081,43.3
1661188141,43.3
1661188201,43.9
1661188261,43.3
1661188322,43.9
1661188381,43.3
1661188441,43.3
1661188501,43.3
1661188561,44.4
1661188621,44.4
1661188681,43.9
1661188741,43.3
1661188801,43.3
1661188861,43.9
1661188921,44.4
1661188981,43.3
1661189041,43.3
1661189101,43.3
1661189161,43.9
1661189221,43.9
1661189282,43.3
1661189341,44.4
1661189401,43.3
1661189461,43.3
1661189521,43.3
1661189581,43.3
1661189641,43.3
1661189701,43.3
1661189761,43.3
1661189821,42.8
1661189881,43.3
1661189941,43.3
1661190001,43.3
1661190061,43.3
1661190121,43.3
1661190181,43.3
1661190241,43.3
1661190302,43.3
1661190361,43.3
1661190421,43.9
1661190482,43.3
1661190541,43.3
1661190601,43.3
1661190661,43.3
1661190721,43.3
1661190781,43.3
1661190841,43.3
1661190902,43.9
1661190961,43.3
1661191021,43.3
1661191081,43.3
1661191141,43.3
1661191201,43.9
1661191261,43.3
1661191322,43.3
1661191381,43.3
1661191441,43.3
1661191501,43.3
1661191561,43.3
1661191621,43.3
1661191681,43.3
1661191741,43.3
1661191801,42.8
1661191861,42.8
1661191921,43.3
1661191981,43.3
1661192041,43.3
1661192101,42.8
1661192161,42.8
1661192221,43.3
1661192281,42.8
1661192341,43.3
1661192401,43.3
1661192461,42.2
1661192522,42.8
1661192581,43.3
1661192641,42.8
1661192701,42.8
1661192761,42.8
1661192822,42.8
1661192881,43.3
1661192941,43.3
1661193001,42.8
1661193061,43.3
1661193121,42.8
1661193181,43.3
1661193241,42.8
1661193301,42.8
1661193361,42.8
1661193421,42.8
1661193481,42.8
1661193542,42.8
1661193601,42.8
1661193661,42.8
1661193721,42.8
1661193781,43.3
1661193841,42.8
1661193901,42.8
1661193961,42.8
1661194021,42.8
1661194081,42.8
1661194141,42.8
1661194201,42.8
1661194261,42.8
1661194322,42.8
1661194381,42.8
1661194441,42.8
1661194501,43.3
1661194561,42.8
1661194621,42.8
1661194681,42.8
1661194741,42.8
1661194801,42.8
1661194861,42.8
1661194921,42.8
1661194981,42.8
1661195042,42.2
1661195101,42.8
1661195161,43.3
1661195221,42.8
1661195281,42.8
1661195341,42.8
1661195401,43.3
1661195462,42.8
1661195521,42.8
1661195581,42.8
1661195641,42.8
1661195701,42.8
1661195761,42.8
1661195821,42.8
1661195881,43.3
1661195941,42.8
1661196001,42.2
1661196061,43.3
1661196121,42.8
1661196181,42.8
1661196241,42.8
1661196301,42.8
1661196361,43.3
1661196421,42.8
1661196482,42.8
1661196541,42.8
1661196601,43.3
1661196661,42.8
1661196721,42.8
1661196782,43.3
1661196841,42.2
1661196901,42.2
1661196961,42.8
1661197021,42.8
1661197081,43.3
1661197141,42.8
1661197202,42.8
1661197261,42.2
1661197321,42.2
1661197381,42.2
1661197441,41.7
1661197501,42.2
1661197561,42.2
1661197621,42.2
1661197681,42.2
1661197742,42.2
1661197801,42.2
1661197861,42.2
1661197921,42.2
1661197981,42.2
1661198042,42.2
1661198101,42.8
1661198161,42.2
1661198221,42.2
1661198281,42.2
1661198341,42.2
1661198401,42.2
1661198462,42.2
1661198521,42.2
1661198581,42.2
1661198641,42.2
1661198701,42.2
1661198762,42.2
1661198821,42.2
1661198881,41.2
1661198941,40.6
1661199001,41.2
1661199061,40.1
1661199121,40.1
1661199182,40.1
1661199241,40.1
1661199301,40.1
1661199361,40.6
1661199421,40.1
1661199481,40.1
1661199541,40.1
1661199601,40.1
1661199661,39.5
1661199721,40.1
1661199781,40.1
1661199841,40.1
1661199902,40.1
1661199961,40.1
1661200021,40.1
1661200081,40.1
1661200141,40.1
1661200202,40.1
1661200261,40.1
1661200321,40.1
1661200381,40.1
1661200441,40.1
1661200501,40.1
1661200561,39.5
1661200622,40.1
1661200681,40.1
1661200741,40.6
1661200801,40.1
1661200861,40.1
1661200922,40.1
1661200981,40.1
1661201041,40.1
1661201101,40.1
1661201161,39.0
1661201221,40.1
1661201281,40.1
1661201341,40.1
1661201401,40.1
1661201461,39.5
1661201521,40.6
1661201581,40.1
1661201641,40.1
1661201701,40.1
1661201761,40.1
1661201821,40.1
1661201881,40.6
1661201941,40.1
1661202001,40.1
1661202061,39.5
1661202122,40.1
1661202181,40.1
1661202241,40.1
1661202301,40.1
1661202361,40.1
1661202422,39.5
1661202481,40.1
1661202541,40.1
1661202601,39.5
1661202661,40.1
1661202721,39.5
1661202781,40.1
1661202842,40.1
1661202901,40.1
1661202961,39.5
1661203021,40.1
1661203081,39.5
1661203141,39.5
1661203201,40.1
1661203261,40.1
1661203321,40.1
1661203381,39.5
1661203441,40.1
1661203501,39.5
1661203561,39.5
1661203621,39.5
1661203681,39.5
1661203741,39.0
1661203801,40.1
1661203861,39.0
1661203921,39.5
1661203981,40.1
1661204041,40.1
1661204101,40.1
1661204161,39.5
1661204221,40.1
1661204282,39.0
1661204341,40.1
1661204401,39.5
1661204461,39.5
1661204521,40.1
1661204581,40.1
1661204641,40.1
1661204701,40.1
1661204761,39.5
1661204821,40.1
1661204881,40.1
1661204941,40.1
1661205001,40.1
1661205061,40.1
1661205121,40.1
1661205181,40.1
1661205241,40.1
1661205302,40.1
1661205361,40.1
1661205421,39.5
1661205481,40.1
1661205541,40.1
1661205602,39.5
1661205661,40.1
1661205721,40.1
1661205781,39.5
1661205841,40.1
1661205902,40.1
1661205961,40.1
1661206021,40.1
1661206081,39.0
1661206141,40.1
1661206201,40.1
1661206261,40.1
1661206321,40.1
1661206381,40.1
1661206441,40.1
1661206501,39.5
1661206561,40.1
1661206622,39.5
1661206681,40.1
1661206741,40.1
1661206801,40.1
1661206861,40.1
1661206922,40.1
1661206981,40.1
1661207041,40.1
1661207101,40.1
1661207161,40.1
1661207222,40.1
1661207281,40.1
1661207341,39.5
1661207401,41.2
1661207461,40.1
1661207521,40.1
1661207581,40.1
1661207641,40.1
1661207701,40.1
1661207762,40.1
1661207821,40.6
1661207881,40.6
1661207942,41.2
1661208001,41.2
1661208061,41.2
1661208121,41.2
1661208181,41.2
1661208241,42.2
1661208301,42.2
1661208361,41.2
1661208421,41.7
1661208482,41.7
1661208541,42.2
1661208601,42.2
1661208661,42.2
1661208721,42.2
1661208781,42.2
1661208841,42.2
1661208901,42.2
1661208961,42.2
1661209021,42.2
1661209081,42.2
1661209141,42.2
1661209202,42.2
1661209261,42.2
1661209321,42.2
1661209381,42.2
1661209441,42.2
1661209501,42.8
1661209561,42.2
1661209621,42.8
1661209681,42.8
1661209741,42.8
1661209801,43.3
1661209861,42.8
1661209921,42.8
1661209981,42.8
1661210041,42.8
1661210102,42.8
1661210161,42.2
1661210221,42.8
1661210281,42.8
1661210341,42.2
1661210402,42.2
1661210461,42.2
1661210521,42.8
1661210581,42.8
1661210641,42.8
1661210701,42.8
1661210761,42.8
1661210821,43.3
1661210881,42.8
1661210941,42.8
1661211001,43.3
1661211061,42.8
1661211121,42.8
1661211181,42.2
1661211241,42.8
1661211301,42.8
1661211361,43.3
1661211421,42.8
1661211481,42.8
1661211542,42.8
1661211601,42.2
1661211661,42.8
1661211721,42.8
1661211781,42.8
1661211841,42.8
1661211901,42.8
1661211961,43.3
1661212021,43.3
1661212081,42.8
1661212141,42.8
1661212201,42.8
1661212261,43.3
1661212321,42.8
1661212381,43.3
1661212441,43.3
1661212501,43.3
1661212561,42.2
1661212622,42.8
1661212681,42.8
1661212742,43.3
1661212801,42.8
1661212861,43.3
1661212922,43.3
1661212981,42.8
1661213041,43.3
1661213101,42.8
1661213161,43.3
1661213221,43.3
1661213281,42.8
1661213342,43.3
1661213401,42.8
1661213461,42.2
1661213521,43.3
1661213581,42.8
1661213641,43.3
1661213701,42.8
1661213761,43.3
1661213821,42.8
1661213882,43.3
1661213941,43.3
1661214001,42.8
1661214061,43.3
1661214121,42.8
1661214182,42.2
1661214241,43.3
1661214301,42.8
1661214361,42.8
1661214421,43.3
1661214481,43.3
1661214541,42.2
1661214602,42.8
1661214661,42.8
1661214721,42.8
1661214781,42.8
1661214841,42.8
1661214902,43.3
1661214961,42.8
1661215021,43.3
1661215081,42.8
1661215141,42.8
1661215201,43.3
1661215261,42.2
1661215321,42.8
1661215381,43.3
1661215441,42.8
1661257177,45.5
1661257201,44.4
1661257261,44.4
1661257321,44.4
1661257381,44.4
1661257441,43.9
1661257501,43.3
1661257562,43.9
1661257621,43.3
1661257681,44.4
1661257741,44.4
1661257801,43.9
1661257861,43.9
1661257921,43.3
1661257981,43.3
1661258041,44.4
1661258101,43.3
1661258162,43.3
1661258221,43.3
1661258281,43.3
1661258341,43.3
1661258401,43.3
1661258461,43.9
1661258521,43.3
1661258581,43.3
1661258641,43.3
1661258701,43.9
1661258761,43.3
1661258821,43.3
1661258882,43.3
1661258941,43.3
1661259001,43.3
1661259061,43.3
1661259121,43.3
1661259181,43.3
1661259241,43.3
1661259302,43.3
1661259362,43.9
1661259421,43.3
1661259481,43.9
1661259541,43.3
1661259601,43.3
1661259661,43.3
1661259721,43.9
1661259781,43.3
1661259841,43.3
1661259901,43.9
1661259961,43.3
1661260021,43.9
1661260081,43.3
1661260141,43.3
1661260201,43.9
1661260261,43.3
1661260321,43.3
1661260381,43.3
1661260441,43.3
1661260501,43.3
1661260561,43.3
1661259241,44.9
1661298551,43.9
1661298602,43.9
1661298661,43.3
1661298721,43.3
1661298781,43.3
1661298841,43.3
1661298901,42.8
1661298961,43.3
1661299022,43.3
1661299081,42.8
1661299141,42.8
1661299201,42.8
1661299261,43.3
1661299321,43.3
1661299381,42.8
1661299441,42.8
1661299501,43.3
1661299561,42.2
1661299622,42.2
1661299681,43.3
1661299741,43.3
1661299801,42.8
1661299861,43.3
1661299921,43.3
1661299981,42.8
1661300041,43.3
1661300101,43.3
1661300161,42.8
1661300221,42.8
1661300281,42.8
1661300341,43.3
1661300401,42.8
1661300461,42.8
1661300521,42.8
1661300582,43.3
1661300641,42.8
1661300701,43.3
1661300761,43.3
1661300821,42.8
1661300881,42.2
1661300941,43.3
1661301002,43.3
1661301061,43.3
1661301121,43.3
1661301181,43.3
1661301241,43.3
1661301301,43.3
1661301361,42.8
1661301422,43.3
1661301482,42.8
1661301541,43.3
1661301601,42.8
1661301661,42.8
1661301721,43.3
1661301781,42.8
1661301841,43.3
1661301902,42.8
1661301961,42.8
1661302021,42.8
1661302081,42.8
1661302141,42.8
1661302202,42.2
1661302261,43.3
1661302322,42.8
1661302381,42.8
1661302441,42.8
1661302501,43.3
1661302561,42.8
1661302621,42.8
1661302681,42.8
1661302741,42.8
1661302801,42.8
1661302862,43.3
1661302921,43.3
1661302981,43.3
1661303041,43.3
1661303101,43.3
1661303161,42.8
1661303221,43.3
1661303282,43.3
1661303341,43.3
1661303402,42.2
1661303461,42.8
1661303521,42.8
1661303581,43.3
1661303641,43.3
1661303701,42.8
1661303761,43.3
1661303822,43.9
1661303881,42.8
1661303941,43.3
1661304001,43.3
1661304061,43.3
1661304121,42.8
1661304181,42.8
1661304242,42.8
1661304301,43.3
1661304361,43.3
1661304421,43.9
1661304481,42.8
1661304541,42.8
1661304601,43.3
1661304662,43.3
1661304721,43.3
1661304782,43.3
1661304841,42.8
1661304901,43.3
1661304961,43.3
1661305021,43.3
1661305082,43.3
1661305141,43.3
1661305201,42.8
1661305261,43.3
1661305321,43.3
1661305381,43.3
1661305441,43.3
1661305501,43.3
1661305561,43.3
1661305621,43.3
1661305681,42.8
1661305741,42.8
1661305801,43.3
1661305861,42.8
1661305922,42.8
1661305981,43.3
1661306041,43.3
1661306101,43.3
1661306161,43.9
1661306221,43.3
1661306281,43.3
1661306341,43.3
1661306401,42.8
1661306461,43.3
1661306521,43.3
1661306582,43.3
1661306641,42.8
1661306701,43.3
1661306761,43.3
1661306821,42.8
1661306882,43.3
1661306941,42.8
1661307002,43.3
1661307061,43.3
1661307121,43.3
1661307181,43.3
1661307241,43.3
1661307302,43.3
1661307361,43.3
1661307421,43.3
1661307482,43.3
1661307541,43.3
1661307602,42.8
1661307661,43.3
1661307721,42.8
1661307781,42.8
1661307841,43.3
1661307901,42.8
1661307961,43.3
1661308021,43.3
1661308081,43.3
1661308142,43.3
1661308201,43.3
1661308261,43.3
1661308321,42.8
1661308381,42.8
1661308441,43.3
1661308501,42.8
1661308561,43.3
1661308621,43.3
1661308682,43.3
1661308741,42.8
1661308802,43.3
1661308861,43.3
1661308921,42.8
1661308981,43.3
1661309041,43.3
1661309101,43.3
1661309161,43.3
1661309221,43.3
1661309281,42.8
1661309341,42.8
1661309401,43.3
1661309461,42.8
1661309521,42.8
1661309581,43.3
1661309641,43.3
1661309701,43.3
1661309761,43.3
1661309821,43.3
1661309881,42.8
1661309941,43.3
1661310001,43.3
1661310062,43.3
1661310121,43.3
1661310181,43.3
1661310241,43.3
1661310301,43.3
1661310361,43.3
1661310421,43.3
1661310481,43.3
1661310541,43.3
1661310601,43.3
1661310661,43.3
1661310721,42.8
1661310781,43.3
1661310841,43.3
1661310902,42.8
1661310961,43.3
1661311021,43.3
1661311081,43.3
1661311141,43.3
1661311202,43.3
1661311261,43.3
1661311321,43.3
1661311381,42.8
1661311441,43.3
1661311502,43.3
1661311561,43.3
1661311621,42.8
1661311681,43.3
1661311741,43.3
1661311801,43.3
1661311861,42.8
1661311921,43.3
1661311981,43.3
1661312041,43.3
1661312101,43.3
1661312161,42.8
1661312222,43.3
1661312281,42.8
1661312341,42.8
1661312401,43.3
1661312461,43.3
1661312521,43.3
1661312581,42.2
1661312641,43.3
1661312701,43.3
1661312762,43.3
1661312821,43.3
1661312881,43.3
1661312941,42.8
1661313001,43.3
1661313061,43.3
1661313121,42.8
1661313181,43.3
1661313241,43.3
1661313301,43.3
1661313361,43.3
1661313421,43.3
1661313481,43.3
1661313541,43.3
1661313601,43.3
1661313661,42.8
1661313721,43.3
1661313781,43.3
1661313841,43.3
1661313901,43.3
1661313962,43.3
1661314021,43.3
1661314082,43.3
1661314141,43.3
1661314201,42.8
1661314261,43.3
1661314321,43.3
1661314381,43.3
1661314441,43.3
1661314501,43.3
1661314561,43.3
1661314621,43.3
1661314682,43.3
1661314741,43.3
1661314801,43.3
1661314861,43.3
1661314921,43.3
1661314981,42.8
1661315041,43.3
1661315101,43.3
1661315161,42.8
1661315221,43.3
1661315281,43.3
1661315341,43.3
1661315401,43.9
1661315461,42.8
1661315521,43.3
1661315581,43.3
1661315641,43.9
1661315701,43.3
1661315761,43.3
1661315821,43.3
1661315881,43.3
1661315942,43.3
1661316001,42.8
1661316061,43.3
1661316121,43.3
1661316181,43.3
1661316241,43.3
1661316301,43.3
1661316361,43.3
1661316421,43.3
1661316481,43.3
1661316541,43.3
1661316602,43.3
1661316661,43.3
1661316721,42.8
1661316781,43.3
1661316841,43.9
1661316901,43.3
1661316961,43.3
1661317021,43.3
1661317081,42.8
1661317142,43.3
1661317201,43.3
1661317262,43.3
1661317321,43.3
1661317381,42.8
1661317441,43.3
1661317501,43.3
1661317562,43.3
1661317621,43.3
1661317681,43.9
1661317741,42.8
1661317801,43.3
1661317861,43.3
1661317921,43.3
1661317981,43.3
1661318041,43.3
1661318101,43.3
1661318161,43.3
1661318222,43.3
1661318281,43.3
1661318341,43.3
1661318401,43.3
1661318461,43.3
1661318521,43.3
1661318581,43.9
1661318641,43.3
1661318701,43.9
1661318762,42.8
1661318821,43.3
1661318881,43.9
1661318941,43.3
1661319001,43.3
1661319061,43.3
1661319121,43.3
1661319181,42.8
1661319241,43.3
1661319301,43.3
1661319361,43.3
1661319421,43.3
1661319481,43.3
1661319541,43.3
1661319602,43.3
1661319661,43.3
1661319721,43.3
1661319781,43.3
1661319841,43.3
1661319902,43.9
1661319961,43.3
1661320021,43.3
1661320081,43.3
1661320141,43.3
1661320201,43.3
1661320261,43.3
1661320322,43.9
1661320381,43.3
1661320442,43.3
1661320501,43.3
1661320562,43.3
1661320621,43.3
1661320681,43.3
1661320741,43.3
1661320801,43.3
1661320861,43.3
1661320921,43.3
1661320981,43.9
1661321041,43.3
1661321102,43.3
1661321161,43.3
1661321221,43.3
1661321281,43.3
1661321341,43.9
1661321401,42.8
1661321461,43.3
1661321521,43.9
1661321582,43.3
1661321641,43.3
1661321701,43.3
1661321761,43.3
1661321821,43.3
1661321882,43.3
1661321941,43.3
1661322001,43.3
1661322061,43.3
1661322121,43.3
1661322181,43.3
1661322241,43.3
1661322301,43.3
1661322361,43.9
1661322422,43.3
1661322481,42.8
1661322542,43.3
1661322601,43.3
1661322661,43.3
1661322721,42.8
1661322781,43.3
1661322841,43.3
1661322901,43.3
1661322962,43.9
1661323021,43.3
1661323082,43.3
1661323141,43.3
1661323201,43.3
1661323262,43.3
1661323321,43.3
1661323381,43.3
1661323441,43.3
1661323501,43.3
1661323561,43.3
1661323621,43.3
1661323681,43.9
1661323741,43.3
1661323802,43.3
1661323861,43.3
1661323921,43.3
1661323981,43.3
1661324041,43.3
1661324102,43.3
1661324161,43.3
1661324221,43.3
1661324281,43.3
1661324341,43.3
1661324401,43.3
1661324461,43.3
1661324521,43.3
1661324581,43.3
1661324641,43.3
1661324701,43.3
1661324762,43.3
1661324821,43.3
1661324882,43.9
1661324941,43.3
1661325001,43.3
1661325061,43.3
1661325121,43.9
1661325182,43.3
1661325241,43.3
1661325302,43.3
1661325361,43.3
1661325421,42.8
1661325481,43.3
1661325541,43.9
1661325601,43.3
1661325661,43.9
1661325721,43.3
1661325781,43.3
1661325841,43.3
1661325901,43.9
1661325961,43.3
1661326022,43.3
1661326081,43.3
1661326141,43.3
1661326201,43.3
1661326261,43.3
1661326321,43.9
1661326381,43.3
1661326441,43.3
1661326501,43.3
1661326562,43.3
1661326621,43.3
1661326681,43.3
1661326741,42.8
1661326801,43.3
1661326861,43.3
1661326921,43.3
1661326981,43.9
1661327041,43.3
1661327102,43.3
1661327161,43.3
1661327221,43.3
1661327281,43.3
1661327341,43.9
1661327401,43.3
1661327461,44.4
1661327521,43.3
1661327581,43.3
1661327641,43.3
1661327701,43.9
1661327761,43.3
1661327821,43.3
1661327881,43.3
1661327941,43.3
1661328001,43.3
1661328061,43.3
1661328121,43.3
1661328181,43.3
1661328241,43.3
1661328301,43.3
1661328361,43.9
1661328421,43.9
1661328481,42.8
1661328541,43.3
1661328602,43.3
1661328661,43.3
1661328721,43.3
1661328781,43.3
1661328841,43.3
1661328901,43.3
1661328961,43.3
1661329022,43.3
1661329081,43.3
1661329141,44.9
1661329201,44.4
1661329261,43.3
1661329321,43.9
1661329381,43.3
1661329442,43.3
1661329501,43.3
1661329562,43.9
1661329621,43.3
1661329681,43.3
1661329741,43.3
1661329801,43.3
1661329861,43.3
1661329921,43.9
1661329981,43.9
1661330041,43.3
1661330101,43.3
1661330161,43.3
1661330222,43.3
1661330281,43.3
1661330341,43.3
1661330401,43.3
1661330461,43.3
1661330521,43.3
1661330581,43.3
1661330642,43.3
1661330701,43.3
1661330762,43.3
1661330821,43.3
                1661345731,46.5
1661345761,46.5
1661345821,46.5
1661345881,46.5
1661345941,46.5
1661346001,46.5
1661346061,46.5
1661346121,46.5
1661346181,46.5
1661346241,45.5
1661346301,45.5
1661346362,45.5
1661346421,45.5
1661346481,45.5
1661346541,44.9
1661346601,44.9
1661346661,44.4
1661346721,45.5
1661346781,44.4
1661346841,44.4
1661346901,44.4
1661346961,44.9
1661347021,44.9
1661347081,44.4
1661347141,44.4
1661347201,44.4
1661347261,44.4
1661347321,44.4
1661347382,44.4
1661347441,44.4
1661347501,44.4
1661347561,45.5
1661347621,46.0
1661347681,44.9
1661347741,44.4
1661347801,44.9
1661347861,44.4
1661347921,44.4
1661347981,44.4
1661348042,44.4
1661348101,44.4
1661348161,44.4
1661348221,44.4
1661348281,44.4
1661348341,44.9
1661348401,44.9
1661348461,44.4
1661348521,44.4
1661348581,45.5
1661348641,44.4
1661348701,44.4
1661348761,44.4
1661348821,44.9
1661348882,44.4
1661348941,44.4
1661349001,44.4
1661349061,44.4
1661349121,44.4
1661349182,44.4
1661349241,44.4
1661349301,44.4
1661349361,44.4
1661349421,44.4
1661349481,43.9
1661349541,44.9
1661349602,44.4
1661349661,44.4
1661349721,44.4
1661349781,44.4
1661349841,44.4
1661349901,44.4
1661349961,44.4
1661350021,44.4
1661350081,44.4
1661350142,44.4
1661350201,44.4
1661350261,44.4
1661350321,44.4
1661350381,44.4
1661350442,44.4
1661350501,44.4
1661350562,44.4
1661350621,44.4
1661350681,44.4
1661350741,44.4
1661350801,44.4
1661350862,44.4
1661350921,44.4
1661350981,44.4
1661351041,44.4
1661351101,44.4
1661351161,44.4
1661351221,44.4
1661351281,44.4
1661351341,44.4
1661351402,44.4
1661351461,44.4
1661351521,44.4
1661351581,44.4
1661351641,44.4
1661351701,44.4
1661351761,44.4
1661351821,43.9
1661351881,44.4
1661351942,44.4
1661352001,44.9
1661352061,44.4
1661352121,44.4
1661352182,44.4
1661352241,44.4
1661352301,44.4
1661352361,43.9
1661352421,44.4
1661352481,44.4
1661352541,43.9
1661352601,44.4
1661352661,44.4
1661352722,44.4
1661352781,44.4
1661352841,43.9
1661352901,44.4
1661352961,44.4
1661353021,44.4
1661353081,44.4
1661353141,43.9
1661353201,44.4
1661353262,44.4
1661353321,44.4
1661353381,44.4
1661353441,44.4
1661353501,44.4
1661353562,44.4
1661353621,43.3
1661353681,44.4
1661353741,43.3
1661353801,44.4
1661353861,43.3
1661353921,43.9
1661353981,44.4
1661354041,43.3
1661354101,43.9
1661354161,44.4
1661354221,44.9
1661354281,44.4
1661354341,44.4
1661354401,44.4
1661354461,44.4
1661354521,44.4
1661354581,44.4
1661354641,44.4
1661354701,44.4
1661354761,44.4
1661354822,44.4
1661354881,44.4
1661354942,43.9
1661355001,44.4
1661355061,44.4
1661355121,44.4
1661355181,44.4
1661355241,44.4
1661355301,44.4
1661355362,44.4
1661355421,43.9
1661355481,44.4
1661355541,44.4
1661355601,43.9
1661355661,44.4
1661355721,43.3
1661355781,44.4
1661355841,43.3
1661355901,44.4
1661355961,44.4
1661356021,43.3
1661356081,43.3
1661356141,43.9
1661356202,44.4
1661356261,44.4
1661356322,44.4
1661356381,43.3
1661356441,43.3
1661356501,43.3
1661356561,43.3
1661356621,43.3
1661356681,44.4
1661356742,43.3
1661356801,43.9
1661356862,43.3
1661356921,43.3
1661356982,44.4
1661357041,43.3
1661357101,43.3
1661357161,43.3
1661357221,43.9
1661357281,43.3
1661357341,43.9
1661357402,43.3
1661357461,43.3
1661357521,43.3
1661357581,43.3
1661357641,43.3
1661357701,43.3
1661357761,43.3
1661357821,43.3
1661357881,43.3
1661357941,43.3
1661358001,43.3
1661358061,43.3
1661358121,43.3
1661358181,43.3
1661358241,43.3
1661358301,42.8
1661358361,43.3
1661358421,43.3
1661358481,43.3
1661358541,43.3
1661358601,43.3
1661358661,43.3
1661358721,43.3
1661358781,43.3
1661358841,43.3
1661358901,43.3
1661358961,43.3
1661359021,43.3
1661359081,43.3
1661359141,43.3
1661359201,43.3
1661359261,43.3
1661359321,43.3
1661359381,43.3
1661359441,43.3
1661359501,43.3
1661359562,43.3
1661359621,43.3
1661359682,43.3
1661359741,43.3
1661359801,43.3
1661359861,43.3
1661359921,43.3
1661359981,43.3
1661360041,43.3
1661360102,43.3
1661360161,43.3
1661360221,43.3
1661360281,43.3
1661360341,43.3
1661360401,43.3
1661360461,43.3
1661360521,43.3
1661360581,43.3
1661360641,43.3
1661360701,43.3
1661360761,43.3
1661360821,43.3
1661360882,42.8
1661360941,43.3
1661361001,43.3
1661361061,43.3
1661361121,42.8
1661361181,42.8
1661361241,43.3
1661361301,43.3
1661361361,43.3
1661361422,43.3
1661361481,42.8
1661361541,43.3
1661361601,43.3
1661361661,42.2
1661361721,42.8
1661361781,43.3
1661361841,43.3
1661361901,43.3
1661361961,43.3
1661362021,42.8
1661362081,43.3
1661362141,43.3
1661362201,43.3
1661362261,43.3
1661362321,43.3
1661362381,42.8
1661362441,43.3
1661362501,42.8
1661362561,43.3
1661362621,43.3
1661362681,43.3
1661362741,43.3
1661362801,43.3
1661362861,43.3
1661362921,42.8
1661362981,43.3
1661363041,43.3
1661363101,43.3
1661363162,43.3
1661363221,42.8
1661363282,42.8
1661363341,43.3
1661363401,43.3
1661363461,43.3
1661363521,43.3
1661363581,43.3
1661363641,43.3
1661363701,43.3
1661363761,43.3
1661363822,43.3
1661363881,43.3
1661363942,43.3
1661364001,42.8
1661364061,43.3
1661364121,43.3
1661364181,43.3
1661364241,43.3
1661364301,43.3
1661364361,43.3
1661364421,43.3
1661364481,43.3
1661364541,43.3
1661364602,43.3
1661364661,43.3
1661364721,43.3
1661364781,43.3
1661364841,42.8
1661364901,43.3
1661364961,43.3
1661365021,43.3
1661365081,42.8
1661365141,42.8
1661365201,43.3
1661365261,43.3
1661365322,42.8
1661365381,42.8
1661365441,43.3
1661365501,42.8
1661365561,43.3
1661365621,43.3
1661365681,43.3
1661365741,43.3
1661365801,42.2
1661365862,43.3
1661365921,43.3
1661365981,43.3
1661366041,43.3
1661366101,43.3
1661366161,43.3
1661366221,43.3
1661366281,43.3
1661366341,43.3
1661366401,42.8
1661366461,43.3
1661366521,43.3
1661366581,43.3
1661366641,43.3
1661366701,43.3
1661366761,43.3
1661366821,42.8
1661366881,43.3
1661366941,43.3
1661367001,42.8
1661367061,42.8
1661367121,43.3
1661367181,43.3
1661367241,43.3
1661367301,42.8
1661367361,43.3
1661367421,42.2
1661367481,43.3
1661367541,42.8
1661367602,43.3
1661367661,43.3
1661367721,43.3
1661367781,43.3
1661367841,43.3
1661367901,42.8
1661367961,43.3
1661368021,43.3
1661368081,42.8
1661368142,43.9
1661368201,43.3
1661368261,43.3
1661368321,42.2
1661368381,43.3
1661368441,42.8
1661368501,43.3
1661368561,43.3
1661368621,43.3
1661368681,43.3
1661368741,42.8
1661368801,43.3
1661368861,42.8
1661368921,42.8
1661368981,43.3
1661369041,42.8
1661369102,42.8
1661369161,42.8
1661369221,43.3
1661369281,42.2
1661369341,43.3
1661369401,43.3
1661369461,43.3
1661369522,43.3
1661369581,43.3
1661369641,43.3
1661369701,42.2
1661369761,43.3
1661369821,43.3
1661369881,42.8
1661369941,43.3
1661370001,43.3
1661370062,43.3
1661370121,42.8
1661370182,42.8
1661370241,42.8
1661370301,42.8
1661370361,43.3
1661370421,43.3
1661370481,43.3
1661370541,43.9
1661370602,42.8
1661370661,42.8
1661370721,43.3
1661370781,42.8
1661370841,43.3
1661370901,43.3
1661370961,42.8
1661371021,42.8
1661371081,42.8
1661371141,43.3
1661371201,42.8
1661371261,42.8
1661371321,42.8
1661371381,42.8
1661371441,42.8
1661371501,42.8
1661371561,42.8
1661371621,43.3
1661371681,43.3
1661371741,43.3
1661371802,43.3
1661371861,43.3
1661371922,43.3
1661371981,43.3
1661372041,42.8
1661372101,42.8
1661372161,43.3
1661372222,42.8
1661372281,42.8
1661372341,43.3
1661372401,43.3
1661372461,43.3
1661372521,42.8
1661372581,43.3
1661372642,42.8
1661372701,42.8
1661372761,42.8
1661372821,42.8
1661372881,42.8
1661372941,43.3
1661373001,42.8
1661373061,42.8
1661373121,42.8
1661373181,42.2
1661373241,42.8
1661373301,42.8
1661373361,42.8
1661373421,42.8
1661373482,42.8
1661373541,43.3
1661373601,42.8
1661373661,43.3
1661373721,42.8
1661373781,42.2
1661373841,42.8
1661373901,42.8
1661373961,42.8
1661374021,42.8
1661374081,42.8
1661374142,42.8
1661374201,42.8
1661374261,43.3
1661374321,43.3
1661374381,42.2
1661374441,42.8
1661374501,42.8
1661374561,42.8
1661374621,42.8
1661374681,42.8
1661374741,42.8
1661374801,42.8
1661374861,42.8
1661374921,43.3
1661374981,43.3
1661375041,42.8
1661375102,42.2
1661375161,42.8
1661375221,42.8
1661375281,43.3
1661375341,42.8
1661375402,42.2
1661375461,43.3
1661375521,42.8
1661375581,43.3
1661375641,42.8
1661375701,43.3
1661375761,42.8
1661375822,43.3
1661375881,42.2
1661375941,42.8
1661376001,42.2
1661376061,42.8
1661376121,42.2
1661376181,42.2
1661376242,42.8
1661376301,42.8
1661376361,42.8
1661376421,42.8
1661376481,42.8
1661376541,42.8
1661376601,42.8
1661376661,42.2
1661376721,42.8
1661376782,43.3
1661376841,42.2
1661376901,42.8
1661376961,42.8
1661377021,42.8
1661377081,42.8
1661377141,42.2
1661377201,42.8
1661377261,43.3
1661377321,42.8
1661377381,43.3
1661377441,42.8
1661377501,42.8
1661377562,42.8
1661377621,42.2
1661377681,42.8
1661377741,42.8
1661377801,42.2
1661377861,42.8
1661377921,42.2
1661377981,43.3
1661378041,42.2
1661378101,43.3
1661378161,43.3
1661378221,42.8
1661378281,42.8
1661378342,42.8
1661378401,42.8
1661378461,42.8
1661378521,42.8
1661378581,43.3
1661378641,42.2
1661378701,42.8
1661378761,42.8
1661378821,42.8
1661378881,42.2
1661378941,43.3
1661379002,42.8
1661379061,42.2
1661379121,42.8
1661379181,42.8
1661379241,43.3
1661379301,42.8
1661379361,42.8
1661379421,43.3
1661379481,42.8
1661379541,42.8
1661379601,43.3
1661379661,42.8
1661379721,42.8
1661379781,42.8
1661379841,43.3
1661379901,43.3
1661379962,43.3
1661380021,42.8
1661380081,43.3
1661380141,42.8
1661380201,42.8
1661380261,43.3
1661380321,43.3
1661380381,43.3
1661380441,42.8
1661380502,43.3
1661380561,42.8
1661380622,43.3
1661380681,42.8
1661380742,43.3
1661380801,42.8
1661380861,43.3
1661380921,42.8
1661380981,43.3
1661381041,43.3
1661381101,43.9
1661381161,42.8
1661381221,43.3
1661381282,43.3
1661381341,43.3
1661381401,43.3
1661381461,43.3
1661381521,43.3
1661381581,43.3
1661381641,43.3
1661381701,43.3
1661381761,43.3
1661381822,43.9
1661381881,43.9
1661381941,43.9
1661382001,44.4
1661382061,43.3
1661382121,43.9
1661382181,43.9
1661382241,43.3
1661382301,43.9
1661382362,43.3
1661382421,43.9
1661382481,43.3
1661382541,44.4
1661382601,44.4
1661382661,43.9
1661382721,43.9
1661382781,43.9
1661382841,44.4
1661382902,43.9
1661382961,44.4
1661383021,43.9
1661383081,43.9
1661383141,44.4
1661383201,44.4
1661383261,44.4
1661383321,43.3
1661383381,43.3
1661383441,44.4
1661383501,43.3
1661383561,44.4
1661383621,44.4
1661383681,43.3
1661383741,44.4
1661383801,44.4
1661383861,44.4
1661383922,44.4
1661383981,44.4
1661384041,44.4
1661384101,44.4
1661384161,43.9
1661384221,44.4
1661384281,43.9
1661384341,44.4
1661384401,43.3
1661384461,44.4
1661384521,44.4
1661384581,44.4
1661384641,44.4
1661384701,44.4
1661384761,43.9
1661384821,44.4
1661384881,44.4
1661384941,43.3
1661385002,43.9
1661385061,44.4
1661385121,44.4
1661385181,43.3
1661385241,43.3
1661385301,43.9
1661385361,44.4
1661385421,44.4
1661385481,44.4
1661385541,44.4
1661385601,44.4
1661385661,44.4
1661385721,44.4
1661385781,43.9
1661385841,43.3
1661385901,44.4
1661385962,43.9
1661386021,44.4
1661386081,43.9
1661386141,44.4
1661386201,44.4
1661386261,43.3
1661386321,44.4
1661386381,43.9
1661386441,44.4
1661386502,44.4
1661386561,43.9
1661386621,44.4
1661386681,44.4
1661386741,44.4
1661386801,44.4
1661386861,43.9
1661386922,44.4
1661386981,44.4
1661387041,44.4
1661387101,44.4
1661387161,44.4
1661387221,43.9
1661387281,43.9
1661387341,44.4
1661387401,44.4
1661387461,44.4
1661387521,44.4
1661387581,44.4
1661387641,44.4
1661387701,44.4
1661387762,44.4
1661387821,44.4
1661387882,44.4
1661387941,43.9
1661388001,43.9
1661388061,44.4
1661388121,44.4
1661388181,44.4
1661388241,43.3
1661388301,43.9
1661388361,44.4
1661388421,43.9
1661388481,43.9
1661388542,44.4
1661388601,43.9
1661388662,43.9
1661388721,44.4
1661388781,43.3
1661388841,43.3
1661388901,43.9
1661388721,45.5
1661401936,44.4
1661401982,44.4
1661402041,44.9
1661402101,44.4
1661402161,44.4
1661402221,44.4
1661402281,44.9
1661402341,44.9
1661402402,45.5
1661402461,44.9
1661402522,45.5
1661402581,45.5
1661402641,45.5
1661402701,45.5
1661402761,46.0
1661402821,45.5
1661402881,45.5
1661402942,46.5
1661403001,45.5
1661436620,43.3
1661436662,42.8
1661436721,42.8
1661436781,42.2
1661436841,42.2
                                1661436902,31.5
1661438360,32.6
1661438401,33.6
1661438461,35.8
1661438522,36.9
1661438582,37.9
1661438642,39.0
1661438701,39.0
1661438761,40.1
1661438821,40.6
1661438881,41.2
1661438941,41.2
1661439001,41.7
1661439061,42.2
1661439121,42.2
1661439181,42.8
1661439241,42.2
1661439301,42.8
1661439361,42.8
1661439421,42.2
1661439481,42.8
1661439541,42.2
1661439601,42.2
1661439661,42.2
1661439721,42.8
1661439781,42.8
1661439841,42.2
1661439901,42.8
1661439961,42.8
1661440021,42.2
1661440081,42.8
1661440141,42.8
1661440201,42.8
1661440261,42.8
1661440321,42.2
1661440381,43.3
1661440442,42.8
1661440502,43.3
1661440562,42.8
1661440622,43.3
1661440681,42.8
1661440742,42.2
1661440802,42.8
1661440862,42.2
1661440922,42.2
1661440981,42.8
1661441041,42.2
1661441101,42.2
1661441161,42.2
1661441221,42.8
1661441281,42.2
1661441341,42.8
1661441401,43.3
1661441461,42.2
1661441521,43.3
1661441581,42.8
1661441641,42.8
1661441701,43.3
1661441761,43.3
1661441821,42.8
1661441881,43.3
1661441941,42.8
1661442001,42.8
1661442061,42.2
1661442121,42.8
1661442181,42.8
1661442241,42.2
1661442301,42.8
1661442361,42.2
1661442421,42.2
1661442481,42.8
1661442542,42.2
1661442602,42.8
1661442662,43.3
1661442722,43.3
1661442781,42.8
1661442842,42.8
1661442901,43.3
1661442961,43.3
1661443022,42.8
1661443082,43.3
1661443142,43.3
1661443202,43.9
1661443261,43.3
1661443321,42.8
1661443381,43.3
1661443441,42.8
1661443501,42.8
1661443561,42.8
1661443621,42.2
1661443681,42.2
1661443741,42.8
1661443801,43.3
1661443861,42.8
1661443921,42.8
1661443981,42.8
1661444041,43.3
1661444101,43.3
1661444161,42.8
1661444221,43.3
1661444281,43.3
1661444341,43.3
1661444401,43.3
1661444461,42.8
1661444521,42.8
1661444581,43.3
1661444641,42.8
1661444701,42.8
1661444761,42.8
1661444821,42.2
1661444881,42.8
1661444941,43.3
1661445001,42.8
1661445061,42.8
1661445121,43.3
1661445181,42.8
1661445241,43.3
1661445301,43.3
1661445362,43.3
1661445422,43.9
1661445482,43.3
1661445541,43.3
1661445601,43.3
1661445661,43.3
1661445722,43.3
1661445782,43.3
1661445841,43.3
1661445901,42.8
1661445961,42.8
1661446021,42.8
1661446081,42.2
1661446141,42.2
1661446201,42.2
1661446261,42.2
1661446321,42.2
1661446381,42.2
1661446441,42.2
1661446501,42.8
1661446561,42.2
1661446621,42.8
1661446681,42.2
1661446741,42.2
1661446801,42.2
1661446861,42.8
1661446921,42.2
1661446981,42.2
1661447041,42.2
1661447101,42.2
1661447161,42.2
1661447221,42.2
1661447281,42.2
1661447341,42.2
1661447401,42.2
1661447461,42.8
1661447521,42.2
1661447581,42.8
1661447641,42.8
1661447701,42.8
1661447761,42.8
1661447821,42.8
1661447881,43.3
1661447941,43.3
1661448001,42.8
1661448061,43.3
1661448121,42.8
1661448181,42.8
1661448241,42.2
1661448301,42.8
1661448361,42.2
1661448421,42.2
1661448481,42.2
1661448542,42.2
1661448602,42.2
1661448662,42.2
1661448722,42.2
1661448781,42.8
1661448841,42.8
1661448901,42.8
1661448961,42.2
1661449021,43.3
1661449081,43.3
1661449141,43.3
1661449201,43.3
1661449261,43.3
1661449321,43.3
1661449381,43.3
1661449441,43.3
1661449501,42.8
1661449561,42.8
1661449621,43.3
1661449681,42.8
1661449741,42.8
1661449801,42.8
1661449861,42.8
1661449921,42.8
1661449981,42.2
1661450041,42.8
1661450101,42.8
1661450161,42.2
1661450221,42.2
1661450281,42.8
1661450341,42.2
1661450401,42.2
1661450461,42.2
1661450521,42.2
1661450581,42.8
1661450641,42.2
1661450701,42.2
1661450761,42.8
1661450821,42.2
1661450881,42.2
1661450941,42.2
1661451001,42.2
1661451062,42.2
1661451122,42.2
1661451182,42.2
1661451242,42.2
1661451301,42.2
1661451361,41.7
1661451422,42.2
1661451482,42.2
1661451541,42.2
1661451601,42.2
1661451661,41.2
1661451721,41.2
1661451781,41.7
1661451841,42.2
1661451901,41.7
1661451961,41.2
1661452021,41.7
1661452081,41.2
1661452141,41.2
1661452201,41.7
1661452261,41.2
1661452321,41.7
1661452381,41.2
1661452441,41.2
1661452501,41.2
1661452561,41.2
1661452621,41.2
1661452681,41.7
1661452741,41.2
1661452801,41.2
1661452861,41.2
1661452921,41.2
1661452981,41.2
1661453041,41.2
1661453101,41.2
1661453161,41.2
1661453221,41.2
1661453281,41.2
1661453341,41.2
1661453401,41.7
1661453461,41.2
1661453521,40.6
1661453581,41.2
1661453641,41.2
1661453701,40.1
1661453761,41.2
1661453822,41.2
1661453881,40.6
1661453942,40.1
1661454002,40.6
1661454062,41.2
1661454122,40.6
1661454182,40.1
1661454242,41.2
1661454301,40.1
1661454361,40.6
1661454421,40.6
1661454481,40.6
1661454541,40.6
1661454601,40.6
1661454661,40.1
1661454721,40.1
1661454781,40.6
1661454841,40.6
1661454901,40.6
1661454961,40.1
1661455021,40.1
1661455081,41.2
1661455141,40.6
1661455201,40.6
1661455261,40.6
1661455321,40.6
1661455381,40.1
1661455441,40.1
1661455501,40.1
1661455561,40.1
1661455621,40.1
1661455681,41.2
1661455741,40.1
1661455801,40.6
1661455861,41.2
1661455921,40.1
1661455981,40.1
1661456041,40.1
1661456101,39.5
1661456161,40.1
1661456221,40.1
1661456281,40.6
1661456341,40.6
1661456401,40.1
1661456461,40.6
1661456521,40.6
1661456581,40.6
1661456641,40.6
1661456701,41.2
1661456761,40.6
1661456821,41.2
1661456881,40.6
1661456941,40.1
1661457001,41.2
1661457061,41.2
1661457121,40.1
1661457181,41.2
1661457241,41.2
1661457301,41.2
1661457361,41.2
1661457421,41.2
1661457482,40.6
1661457542,40.6
1661457602,41.2
1661457661,40.1
1661457721,40.6
1661457781,40.1
1661457841,41.2
1661457901,40.6
1661457961,41.2
1661458021,40.6
1661458081,41.2
1661458141,41.2
1661458201,40.6
1661458261,41.2
1661458321,40.6
1661458381,40.6
1661458441,41.2
1661458501,40.6
1661458561,41.2
1661458621,41.2
1661458681,41.2
1661458741,40.6
1661458801,41.2
1661458861,40.6
1661458921,41.2
1661458981,41.2
1661459041,40.6
1661459101,40.6
1661459161,41.2
1661459221,40.6
1661459281,40.6
1661459341,41.2
1661459401,40.6
1661459461,41.7
1661459521,41.2
1661459581,41.2
1661459641,40.6
1661459701,41.2
1661459761,40.6
1661459821,41.2
1661459881,40.6
1661459941,40.6
1661460001,40.6
1661460061,40.6
1661460121,41.2
1661460181,41.2
1661460242,41.2
1661460302,40.6
1661460362,41.2
1661460421,41.2
1661460481,40.1
1661460541,40.6
1661460601,41.2
1661460661,40.6
1661460721,40.1
1661460781,40.1
1661460841,40.6
1661460901,41.2
1661460961,40.1
1661461021,40.6
1661461081,41.2
1661461141,40.6
1661461201,40.1
1661461261,41.2
1661461321,40.1
1661461381,40.6
1661461389,40.6
1661461441,40.6
1661461501,
1661461561,40.1
1661461621,41.2
1661461681,NA
1661461741,41.2
1661461801,41.2
1661461861,40.1
1661461922,41.2
1661461981,40.6
1661462041,40.6
1661462101,41.2
1661462161,41.2
1661462221,41.2
1661462281,40.6
1661462341,40.6
1661462401,41.2
1661462461,40.1
1661462521,40.1
1661462581,40.1
1661462641,40.1
1661462701,40.1
1661462761,40.1
1661462821,40.1
1661462881,40.1
1661462941,40.1
1661463001,40.1
1661463061,40.1
1661463121,40.1
1661463181,40.1
1661463242,40.1
1661463301,40.1
1661463361,40.1
1661463421,39.5
1661463481,40.1
1661463541,40.1
1661463601,40.1
1661463661,40.1
1661463721,40.1
1661463781,40.1
1661463841,39.5
1661463901,39.5
1661463961,39.0
1661464021,40.1
1661464081,39.5
1661464141,40.1
1661464202,40.1
1661464261,39.0
1661464321,39.5
1661464381,40.1
1661464441,39.5
1661464502,40.1
1661464561,39.5
1661464621,39.5
1661464681,40.1
1661464741,40.1
1661464802,40.6
1661464861,40.6
1661464921,40.1
1661464981,40.1
1661465041,40.6
1661465102,40.6
1661465161,41.2
1661465221,40.6
1661465281,41.2
1661465341,41.2
1661465401,41.2
1661465461,41.2
1661465521,40.6
1661465581,40.6
1661465641,40.6
1661465701,40.1
1661465761,40.6
1661465821,40.1
1661465881,41.2
1661465941,40.1
1661466001,40.1
1661466061,40.1
1661466122,40.1
1661466181,40.6
1661466241,40.1
1661466301,41.2
1661466361,41.2
1661466422,40.6
1661466481,41.2
1661466541,41.2
1661466601,41.2
1661466661,41.2
1661466721,41.2
1661466781,41.2
1661466841,41.2
1661466901,41.2
1661466961,40.6
1661467022,41.2
1661467081,40.1
1661467141,40.6
1661467201,40.1
1661467261,40.6
1661467322,40.1
1661467381,40.6
1661467441,41.2
1661467501,41.2
1661467561,41.2
1661467622,41.2
1661467681,41.2
1661467741,41.2
1661467801,41.2
1661467861,41.7
1661467921,41.2
1661467981,41.2
1661468041,41.2
1661468101,41.2
1661468161,41.2
1661468221,40.6
1661468282,40.6
1661468341,41.2
1661468401,40.6
1661468461,40.6
1661468521,41.2
1661468582,40.6
1661468641,41.2
1661468701,41.2
1661468761,41.2
1661468821,41.2
1661468882,41.2
1661468941,41.2
1661469001,41.2
1661469061,41.7
1661469121,41.2
1661469182,41.7
1661469241,41.2
1661469301,41.2
1661469361,41.2
1661469421,40.6
1661469481,41.2
1661469542,41.2
1661469601,41.2
1661469661,41.2
1661469721,40.6
1661469781,40.6
1661469841,41.2
1661469901,41.2
1661469961,41.2
1661470021,41.2
1661470081,41.2
1661470141,41.7
1661470201,41.2
1661470261,42.2
1661470321,41.7
1661470381,41.2
1661470441,42.2
1661470502,41.7
1661470561,42.2
1661470621,41.2
1661470681,41.7
1661470741,41.7
1661470802,41.2
1661470861,41.2
1661470921,41.2
1661470981,40.6
1661471041,41.2
1661471102,41.2
1661471161,41.2
1661471221,41.2
1661471281,41.2
1661471341,41.7
1661471402,41.2
1661471461,41.2
1661471521,42.2
1661471581,41.7
1661471641,42.2
1661471701,41.2
1661471761,42.2
1661471821,42.2
1661471881,42.8
1661471941,42.2
1661472001,42.2
1661472062,42.2
1661472121,42.2
1661472181,41.7
1661472241,41.7
1661472301,41.2
1661472362,41.2
1661472421,41.2
1661472481,41.2
1661472541,41.2
1661472601,42.2
1661472662,42.2
1661472721,41.7
1661472781,42.2
1661472841,42.2
1661472901,41.7
1661472962,42.2
1661473022,42.2
1661473081,42.2
1661473141,41.2
1661473201,42.2
1661473261,41.2
1661473322,42.2
1661473381,41.2
1661473441,41.2
1661473501,41.2
1661473561,41.2
1661473622,41.2
1661473681,40.6
1661473741,41.2
1661473801,40.1
1661473861,40.6
1661473922,41.2
1661473981,40.6
1661474041,40.6
1661474101,40.1
1661474161,40.1
1661474221,40.6
1661474281,40.1
1661474341,40.1
1661474401,40.6
1661474461,40.1
1661474521,40.1
1661474581,40.1
1661474641,40.1
1661474701,40.1
1661474761,40.1
1661474821,40.6
1661474881,40.1
1661474941,40.1
1661475001,40.6
1661475061,41.2
1661475121,40.6
1661475181,41.2
1661475241,41.2
1661475301,41.2
1661475361,40.1
1661475421,40.6
1661475481,40.6
1661475541,40.1
1661475601,40.1
1661475661,40.6
1661475721,40.1
1661475782,40.1
1661475841,40.1
1661475901,40.1
1661475961,40.1
1661476021,39.5
1661476082,39.5
1661476141,40.1
1661476201,39.5
1661476261,40.1
1661476321,40.1
1661476382,39.5
1661476441,39.5
1661476501,39.5
1661476561,40.1
1661476621,39.5
1661476681,39.5
1661476742,39.5
1661476801,39.5
1661476861,39.0
1661476921,40.1
1661476981,39.0
1661477042,40.1
1661477101,40.1
1661477161,39.0
1661477221,39.0
1661477281,39.0
1661477342,39.0
1661477401,39.0
1661477461,39.0
1661477521,39.5
1661477581,39.5
1661477641,39.5
1661477701,39.0
1661477761,39.0
1661477821,39.0
1661477881,39.0
1661477941,39.0
1661478001,39.0
1661478061,39.5
1661478121,39.0
1661478181,39.0
1661478241,39.0
1661478302,39.0
1661478361,39.5
1661478421,39.0
1661478481,39.0
1661478541,39.5
1661478602,39.0
1661478661,40.1
1661478721,40.1
1661478781,40.1
1661478841,40.1
1661478902,40.1
1661478961,40.1
1661479021,40.1
1661479081,40.1
1661479141,40.1
1661479202,40.6
1661479261,40.6
1661479321,40.6
1661479381,40.1
1661479441,40.1
1661479501,40.1
1661479561,40.6
1661479621,40.1
1661479681,40.1
1661479741,40.1
1661479801,40.1
1661479861,39.5
1661479921,40.1
1661479981,40.1
1661480041,40.1
1661480101,40.1
1661480162,40.1
1661480221,40.1
1661480281,39.5
1661480341,40.1
1661480401,40.1
1661480461,40.1
1661480521,40.1
1661480581,40.1
1661480641,40.6
1661480701,40.1
1661480761,40.1
1661480821,40.1
1661480881,40.1
1661480941,40.1
1661481001,40.1
1661481061,40.1
1661481122,40.1
1661481181,40.1
1661481241,40.1
1661481301,40.1
1661481361,40.1
1661481422,40.1
1661481481,40.1
1661481541,40.1
1661481601,40.1
1661481661,39.5
1661481722,40.1
1661481781,40.1
1661481841,40.1
1661481901,40.1
1661481961,40.1
1661482022,40.1
1661482081,40.1
1661482141,39.0
1661482201,40.1
1661482261,40.1
1661482321,40.1
1661482382,40.1
1661482441,40.1
1661482501,40.1
1661482561,40.1
1661482621,40.1
1661482681,40.1
1661482741,40.1
1661482801,40.1
1661482861,40.1
1661482921,40.1
1661482982,40.1
1661483041,40.1
1661483101,40.6
1661483161,40.1
1661483221,40.1
1661483282,40.1
1661483341,40.1
1661483401,40.6
1661483461,40.1
1661483521,40.1
1661483582,41.2
1661483641,40.6
1661483701,40.6
1661483761,41.2
1661483821,41.2
1661483881,41.2
1661483942,40.6
1661484001,41.2
1661484061,40.6
1661484121,41.2
1661484181,40.6
1661484242,41.2
1661484301,41.2
1661484361,41.2
1661484421,40.6
1661484481,41.2
1661484542,41.2
1661484601,41.2
1661484661,41.2
1661484721,41.2
1661484781,41.2
1661484841,41.2
1661484901,41.2
1661484961,41.2
1661485021,42.2
1661485081,41.2
1661485141,41.2
1661485201,41.7
1661485261,41.7
1661485321,41.2
1661485381,41.2
1661485441,41.2
1661485502,41.7
1661485561,41.2
1661485621,41.2
1661485681,41.2
1661485741,41.2
1661485802,40.6
1661485861,41.2
1661485921,40.6
1661485981,41.2
1661486041,40.6
1661486102,41.2
1661486161,41.2
1661486221,41.2
1661486281,41.2
1661486341,41.2
1661486402,41.7
1661486461,41.7
1661486521,41.2
1661486581,41.2
1661486641,41.2
1661486701,41.2
1661486761,42.2
1661486821,41.2
1661486881,41.2
1661486941,41.2
1661487001,40.6
1661487061,41.2
1661487121,41.2
1661487181,41.7
1661487241,41.2
1661487301,41.7
1661487362,41.2
1661487421,41.7
1661487481,41.7
1661487541,41.2
1661487601,41.2
1661487661,41.7
1661487721,41.2
1661487781,42.2
1661487841,41.2
1661487901,42.2
1661487961,42.2
1661488021,42.2
1661488081,41.7
1661488141,42.2
1661488201,42.2
1661488261,42.2
1661488322,42.2
1661488381,42.2
1661488441,42.2
1661488501,42.2
1661488561,42.2
1661488622,42.2
1661488681,42.8
1661488741,42.2
1661488801,41.7
1661488861,42.2
1661488922,42.2
1661488981,42.2
1661489041,42.2
1661489101,42.2
1661489161,42.2
1661489222,42.2
1661489281,42.2
1661489341,42.2
1661489401,42.2
1661489461,42.8
1661489521,42.8
1661520912,46.0
1661520961,45.5
1661521021,45.5
1661521081,44.9
1661521141,45.5
1661521201,44.9
1661521261,46.0
1661521321,45.5
1661521381,45.5
1661521441,44.9
1661521501,46.0
1661521561,45.5
1661521621,45.5
1661521681,46.0
1661521741,45.5
1661521801,45.5
1661521861,45.5
1661521921,45.5
1661521981,44.9
1661522041,46.0
1661522101,45.5
1661522161,44.9
1661522221,44.9
1661522281,44.9
1661522341,45.5
1661522401,44.9
1661522461,45.5
