1661056439,76.10
1661059802,Cannot find the thermal sensor
-3647.20
1661059811,77.00
1661059816,77.00
1661059823,77.00
1661059828,77.00
1661060005,76.87
1661061432,76.31
1661061943,76.20
1661062224,76.42
1661063259,77.66
1661063289,77.77
1661063306,77.77
1661086868,76.20
1661088785,77.77
1661088845,77.77
1661088906,77.66
1661088965,77.66
1661089025,77.66
1661089086,77.66
1661089145,77.66
1661089206,77.55
1661089265,77.55
1661089325,77.55
1661089386,77.55
1661089445,77.55
1661089506,77.55
1661089565,77.45
1661089625,77.45
1661089686,77.45
1661089745,77.45
1661089806,77.45
1661089865,77.45
1661089925,77.32
1661089986,77.32
1661090045,77.32
1661090106,77.32
1661090166,76.42
1661090225,76.42
1661090286,76.42
1661090345,76.42
1661090405,76.42
1661090466,76.42
1661090525,76.31
1661090585,76.31
1661090646,76.31
1661090705,76.31
1661090760,76.31
1661090766,76.42
1661090825,76.42
1661090832,76.42
1661090886,76.31
1661090945,76.31
1661091005,76.31
1661091066,76.31
1661091125,76.20
1661091186,76.31
1661091245,76.20
1661091305,76.20
1661091366,76.10
1661091425,76.10
1661091485,76.20
1661091546,76.10
1661091605,76.20
1661091666,76.20
1661091725,76.31
1661091785,76.31
1661091846,76.42
1661091905,76.55
1661091966,76.55
1661092025,76.76
1661092085,76.76
1661092146,77.00
1661092205,76.87
1661092266,76.87
1661092326,76.87
1661092385,77.10
1661092446,77.10
1661092505,77.10
1661092565,77.32
1661092626,77.45
1661092685,77.45
1661092745,77.66
1661092806,77.55
1661092865,77.66
1661092926,77.55
1661092986,77.55
1661093045,77.66
1661093106,77.55
1661093165,77.55
1661093225,77.55
1661093286,77.55
1661093345,77.66
1661093406,77.66
1661093465,77.77
1661093525,77.66
1661093586,77.55
1661093645,77.66
1661093705,77.55
1661093766,77.66
1661093825,77.66
1661093886,77.55
1661093945,77.55
1661094005,77.55
1661094066,77.55
1661094125,77.45
1661094186,77.55
1661094245,77.45
1661094305,77.45
1661094366,77.45
1661094425,77.45
1661094485,77.45
1661094546,77.45
1661094605,77.45
1661094666,77.21
1661094725,77.32
1661094785,77.32
1661094846,77.21
1661094905,77.32
1661094966,77.21
1661095026,77.32
1661095085,77.32
1661095146,77.21
1661095205,77.21
1661095266,77.10
1661095325,77.21
1661095385,77.10
1661095446,77.10
1661095505,77.10
1661095565,77.10
1661095626,77.10
1661095686,77.10
1661095745,77.21
1661095806,77.00
1661095865,77.00
1661095925,77.00
1661095986,77.00
1661096045,77.00
1661096106,77.00
1661096161,77.00
1661096221,77.00
1661096281,76.87
1661096341,76.87
1661096401,76.87
1661096461,76.87
1661096521,76.87
1661096581,76.87
1661096641,76.87
1661096702,76.87
1661096761,76.76
1661096822,76.76
1661096881,76.65
1661096941,76.76
1661097001,76.76
1661097061,76.65
1661097122,76.65
1661097181,76.65
1661097241,76.65
1661097301,76.65
1661097361,76.65
1661097422,76.65
1661097481,76.65
1661097541,76.55
1661097601,76.42
1661097661,76.42
1661097721,76.55
1661097781,76.55
1661097842,76.55
1661097901,76.55
1661097961,76.55
1661098021,76.42
1661098081,76.42
1661098141,76.42
1661098201,76.42
1661098262,76.42
1661098321,76.42
1661098381,76.42
1661098441,76.31
1661098501,76.31
1661098561,76.20
1661098621,76.20
1661098681,76.20
1661098741,76.20
1661098801,76.20
1661098861,76.20
1661098921,76.10
1661098982,76.10
1661099041,76.10
1661099101,76.20
1661099161,76.31
1661099221,76.31
1661099282,76.42
1661099341,76.42
1661099401,76.55
1661099461,76.42
1661099521,76.42
1661099582,76.76
1661099641,76.65
1661099701,76.76
1661099761,76.76
1661099821,76.87
1661099881,77.00
1661099941,77.00
1661100002,77.00
1661100061,77.21
1661100121,77.21
1661100181,77.10
1661100241,77.32
1661100301,77.21
1661100362,77.21
1661100421,77.21
1661100481,77.21
1661100541,77.21
1661100601,77.10
1661100661,77.10
1661100721,77.10
1661100781,77.10
1661100841,77.00
1661100901,76.87
1661100961,77.00
1661101021,77.00
1661101082,76.87
1661101141,76.87
1661101201,76.87
1661101261,76.76
1661101321,76.76
1661101381,76.76
1661101441,76.76
1661101501,76.65
1661101561,76.65
1661101621,76.65
1661101681,76.65
1661101741,76.65
1661101802,76.55
1661101861,76.55
1661101922,76.55
1661101981,76.55
1661102041,76.55
1661102101,76.42
1661102161,76.55
1661102222,76.42
1661102281,76.42
1661102341,76.42
1661102401,76.31
1661102461,76.42
1661102521,76.31
1661102581,76.31
1661102641,76.20
1661102701,76.20
1661102761,76.20
1661102821,76.20
1661102881,76.20
1661102941,76.10
1661103002,75.97
1661103061,76.10
1661103121,76.20
1661103181,76.31
1661103241,76.31
1661103301,76.42
1661103361,76.55
1661103421,76.55
1661103481,76.65
1661103541,76.55
1661103601,76.65
1661103661,76.76
1661103721,76.76
1661103781,76.76
1661103841,76.87
1661103901,77.10
1661103961,77.00
1661104022,77.10
1661104081,77.32
1661104141,77.32
1661104201,77.21
1661104261,77.21
1661104321,77.21
1661104381,77.21
1661104441,77.21
1661104501,77.21
1661104561,77.10
1661104621,77.10
1661104681,77.21
1661104742,77.00
1661104801,77.00
1661104861,77.00
1661104921,77.00
1661104981,76.87
1661105041,76.87
1661105102,76.76
1661105161,76.76
1661105221,76.76
1661105281,76.65
1661105341,76.65
1661105401,76.65
1661105461,76.65
1661105521,76.65
1661105581,76.65
1661105641,76.65
1661105701,76.55
1661105761,76.55
1661105821,76.55
1661105881,76.55
1661105941,76.55
1661106001,76.55
1661106061,76.55
1661106121,76.55
1661106181,76.42
1661106242,76.42
1661106301,76.31
1661106361,76.20
1661106421,76.31
1661106481,76.20
1661106541,76.20
1661106601,76.20
1661106661,76.20
1661106721,76.10
1661106781,76.10
1661106841,76.20
1661106901,76.20
1661106962,76.10
1661107021,76.10
1661107081,76.10
1661107141,76.31
1661107201,76.31
1661107261,76.31
1661107321,76.55
1661107381,76.31
1661107441,76.55
1661107501,76.55
1661107561,76.65
1661107622,76.65
1661107681,76.76
1661107741,76.76
1661107801,76.87
1661107861,76.87
1661107922,77.00
1661107981,77.00
1661108041,77.00
1661108101,77.10
1661108161,77.21
1661108221,77.21
1661108281,77.21
1661108341,77.21
1661108401,77.21
1661108462,77.10
1661108521,77.21
1661108581,77.10
1661108641,77.10
1661108701,77.10
1661108761,77.10
1661108821,77.00
1661108881,77.00
1661108941,77.00
1661109001,76.87
1661109061,77.00
1661109121,76.87
1661109181,76.87
1661109241,76.87
1661109301,76.76
1661109361,76.76
1661109422,76.76
1661109481,76.76
1661109541,76.76
1661109601,76.76
1661109661,76.76
1661109721,76.65
1661109781,76.65
1661109841,76.55
1661109901,76.55
1661109961,76.55
1661110022,76.42
1661110081,76.42
1661110141,76.42
1661110201,76.42
1661110261,76.42
1661110321,76.31
1661110381,76.31
1661110441,76.31
1661110502,76.20
1661110561,76.31
1661110621,76.31
1661110681,76.31
1661110741,76.31
1661110801,76.20
1661110861,76.20
1661110921,76.20
1661110981,76.10
1661111041,76.20
1661111101,76.10
1661111161,76.10
1661111221,76.20
1661111281,76.20
1661111341,76.42
1661111401,76.31
1661111461,76.42
1661111521,76.55
1661111581,76.55
1661111641,76.55
1661111701,76.76
1661111762,76.65
1661111821,76.76
1661111881,76.87
1661111941,76.76
1661112001,76.87
1661112061,77.00
1661112121,77.10
1661112182,77.21
1661112241,77.32
1661112301,77.32
1661112361,77.32
1661112421,77.32
1661112481,77.21
1661112541,77.21
1661112602,77.10
1661112661,77.10
1661112721,77.10
1661112781,77.10
1661112841,77.10
1661112901,77.10
1661112961,77.00
1661113021,77.00
1661113081,76.87
1661113141,77.00
1661113201,76.87
1661113261,76.87
1661113321,76.87
1661113381,76.87
1661113441,76.76
1661113501,76.76
1661113561,76.87
1661113622,76.76
1661113681,76.65
1661113741,76.65
1661113801,76.65
1661113861,76.65
1661113922,76.55
1661113981,76.55
1661114041,76.55
1661114101,76.55
1661114161,76.55
1661114221,76.42
1661114281,76.42
1661114342,76.42
1661114401,76.42
1661114461,76.42
1661114521,76.42
1661114581,76.31
1661114641,76.31
1661114701,76.31
1661114761,76.31
1661114821,76.20
1661114881,76.31
1661114941,76.20
1661115001,76.10
1661115061,76.20
1661115121,76.20
1661115182,76.10
1661115241,76.10
1661115301,76.10
1661115361,76.20
1661115421,76.31
1661115482,76.31
1661115541,76.55
1661115601,76.55
1661115662,76.55
1661115721,76.55
1661115782,76.65
1661115841,76.76
1661115901,76.87
1661115961,76.76
1661116021,77.00
1661116082,77.10
1661116141,77.10
1661116201,77.21
1661116261,77.21
1661116321,77.10
1661116381,77.10
1661116441,77.21
1661116501,77.10
1661116561,77.00
1661116621,76.87
1661116681,76.87
1661116741,76.87
1661116801,76.87
1661116862,76.87
1661116921,76.87
1661116982,76.87
1661117041,76.87
1661117101,76.76
1661117161,76.76
1661117221,76.76
1661117281,76.76
1661117341,76.65
1661117402,76.76
1661117461,76.76
1661117521,76.55
1661117581,76.65
1661117641,76.55
1661117701,76.55
1661117761,76.55
1661117822,76.55
1661117881,76.31
1661117941,76.42
1661118001,76.55
1661118061,76.42
1661118121,76.31
1661118181,76.31
1661118241,76.31
1661118301,76.31
1661118361,76.42
1661118421,76.31
1661118481,76.20
1661118542,76.31
1661118601,76.31
1661118662,76.20
1661118721,76.10
1661118781,76.20
1661118841,76.20
1661118901,76.10
1661118961,76.10
1661119021,76.20
1661119081,76.20
1661119141,76.31
1661119201,76.42
1661119261,76.55
1661119321,76.42
1661119381,76.55
1661119441,76.65
1661119501,76.65
1661119561,76.76
1661119621,77.00
1661119681,76.87
1661119741,77.00
1661119801,76.87
1661119861,77.10
1661119921,77.21
1661119981,77.21
1661120041,77.21
1661120101,77.32
1661120161,77.32
1661120221,77.21
1661120281,77.21
1661120341,77.21
1661120401,77.21
1661120461,77.21
1661120521,77.10
1661120582,77.10
1661120641,77.00
1661120702,77.00
1661120761,77.00
1661120822,77.00
1661120881,76.87
1661120941,76.87
1661121001,76.87
1661121061,76.76
1661121121,76.76
1661121181,76.76
1661121242,76.76
1661121301,76.76
1661121361,76.65
1661121421,76.65
1661121481,76.65
1661121541,76.76
1661121601,76.65
1661121661,76.65
1661121721,76.65
1661121781,76.55
1661121841,76.55
1661121902,76.55
1661121961,76.55
1661122021,76.42
1661122081,76.42
1661122141,76.42
1661122201,76.42
1661122261,76.42
1661122321,76.42
1661122381,76.31
1661122442,76.31
1661122501,76.31
1661122561,76.20
1661122621,76.20
1661122681,76.31
1661122741,76.31
1661122801,76.20
1661122861,76.10
1661122921,76.10
1661122982,76.10
1661123041,76.20
1661123101,76.20
1661123161,76.20
1661123221,76.31
1661123281,76.42
1661123341,76.42
1661123401,76.42
1661123461,76.42
1661123521,76.65
1661123581,76.65
1661123641,76.76
1661123701,76.87
1661123761,77.00
1661123821,77.00
1661123881,77.00
1661123942,77.10
1661124001,77.21
1661124061,77.32
1661124121,77.32
1661124181,77.21
1661124242,77.55
1661124301,77.55
1661124361,77.32
1661124421,77.45
1661124481,77.45
1661124541,77.45
1661124601,77.32
1661124661,77.32
1661124721,77.32
1661124782,77.21
1661124841,77.21
1661124901,77.10
1661124961,77.10
1661125021,77.21
1661125081,77.10
1661125141,77.10
1661125202,77.21
1661125261,77.10
1661125321,77.10
1661125381,77.10
1661125441,77.00
1661125501,77.00
1661125561,77.10
1661125621,76.87
1661125681,77.00
1661125741,77.00
1661125801,77.00
1661125861,76.87
1661125922,76.87
1661125981,76.87
1661126041,76.76
1661126101,76.76
1661126161,76.87
1661126222,76.76
1661126281,76.76
1661126341,76.65
1661126401,76.65
1661126461,76.65
1661126522,76.65
1661126581,76.65
1661126641,76.55
1661126701,76.65
1661126761,76.65
1661126822,76.65
1661126881,76.55
1661126941,76.55
1661127001,76.55
1661127061,76.55
1661127121,76.55
1661127181,76.42
1661127241,76.42
1661127301,76.31
1661127361,76.31
1661127421,76.31
1661127481,76.31
1661127541,76.31
1661127601,76.31
1661127661,76.20
1661127722,76.20
1661127781,76.31
1661127841,76.31
1661127901,76.31
1661127961,76.20
1661128021,76.20
1661128081,76.10
1661128141,76.10
1661128201,76.20
1661128261,76.10
1661128321,76.10
1661128381,76.20
1661128442,76.10
1661128501,76.20
1661128561,76.31
1661128621,76.31
1661128681,76.31
1661128742,76.42
1661128801,76.42
1661128861,76.55
1661128921,76.55
1661128981,76.65
1661129041,76.76
1661129101,76.76
1661129162,76.87
1661129221,77.00
1661129281,77.00
1661129342,77.21
1661129401,77.10
1661129461,77.21
1661129521,77.32
1661129581,77.32
1661129641,77.32
1661129701,77.32
1661129762,77.55
1661129821,77.55
1661129881,77.55
1661129941,77.66
1661130001,77.90
1661130061,77.77
1661130121,78.00
1661130181,78.00
1661130241,78.00
1661130302,78.11
1661130361,78.22
1661130421,78.11
1661130481,78.11
1661130541,78.11
1661130601,78.35
1661130661,78.35
1661130721,78.35
1661130781,78.35
1661130842,78.22
1661130901,78.22
1661130961,78.22
1661131021,78.22
1661131081,78.11
1661131141,78.11
1661131201,78.11
1661131262,78.00
1661131321,78.00
1661131381,78.00
1661131441,78.00
1661131501,78.00
1661131561,77.90
1661131621,77.77
1661131682,77.77
1661131741,77.90
1661131801,77.77
1661131861,77.77
1661131921,77.66
1661131981,77.66
1661132041,77.77
1661132101,77.66
1661132161,77.55
1661132221,77.66
1661132282,77.66
1661132341,77.55
1661132401,77.55
1661132462,77.45
1661132521,77.55
1661132581,77.45
1661132641,77.45
1661132701,77.45
1661132761,77.32
1661132821,77.32
1661132881,77.32
1661132941,77.32
1661133001,77.21
1661133061,77.21
1661133121,77.21
1661133181,77.21
1661133241,77.21
1661133301,77.21
1661133361,77.10
1661133421,77.10
1661133481,77.10
1661133541,77.10
1661133602,77.00
1661133661,77.00
1661133721,77.00
1661133781,77.00
1661133841,76.87
1661133902,76.87
1661133961,77.00
1661134021,76.87
1661134081,76.87
1661134141,76.87
1661134201,76.76
1661134261,76.76
1661134321,76.76
1661134381,76.76
1661134441,76.76
1661134501,76.65
1661134561,76.76
1661134621,76.65
1661134681,76.65
1661134742,76.65
1661134801,76.65
1661134861,76.65
1661134921,76.55
1661134981,76.55
1661135041,76.42
1661135101,76.55
1661135162,76.42
1661135221,76.42
1661135281,76.42
1661135341,76.42
1661135401,76.42
1661135462,76.42
1661135521,76.42
1661135581,76.20
1661135641,76.20
1661135701,76.31
1661135761,76.20
1661135821,76.31
1661135881,76.20
1661135941,76.10
1661136001,76.20
1661136061,76.10
1661136121,76.10
1661136181,76.10
1661136241,75.97
1661136302,76.10
1661136361,76.10
1661136421,76.20
1661136481,76.31
1661136541,76.31
1661136601,76.42
1661136661,76.42
1661136722,76.55
1661136781,76.55
1661136841,76.76
1661136901,76.65
1661136961,76.87
1661137021,76.87
1661137081,76.87
1661137141,77.00
1661137201,77.10
1661137261,77.21
1661137321,77.21
1661137381,77.21
1661137441,77.21
1661137501,77.32
1661137562,77.45
1661137621,77.55
1661137681,77.55
1661137741,77.55
1661137801,77.55
1661137862,77.77
1661137921,77.77
1661137981,77.90
1661138042,78.00
1661138101,78.11
1661138161,78.11
1661138222,78.11
1661138281,78.22
1661138342,78.35
1661138401,78.22
1661138461,78.22
1661138521,78.22
1661138581,78.11
1661138642,78.11
1661138701,78.11
1661138761,78.11
1661138821,78.00
1661138881,78.00
1661138942,78.00
1661139001,78.00
1661139061,78.00
1661139122,77.90
1661139181,77.77
1661139242,77.90
1661139301,77.77
1661139361,77.90
1661139421,77.77
1661139481,77.66
1661139541,77.66
1661139601,77.77
1661139661,77.66
1661139721,77.77
1661139781,77.66
1661139841,77.55
1661139901,77.55
1661139962,77.45
1661140021,77.45
1661140081,77.55
1661140141,77.32
1661140201,77.45
1661140262,77.45
1661140321,77.45
1661140381,77.32
1661140441,77.32
1661140501,77.32
1661140562,77.32
1661140621,77.21
1661140681,77.32
1661140741,77.21
1661140801,77.21
1661140861,77.10
1661140921,77.10
1661140982,77.10
1661141041,77.10
1661141101,77.00
1661141161,77.00
1661141221,76.87
1661141281,76.87
1661141341,77.00
1661141401,76.87
1661141461,76.87
1661141521,76.87
1661141581,76.87
1661141641,76.87
1661141701,76.87
1661141761,76.76
1661141822,76.65
1661141881,76.76
1661141941,76.76
1661142001,76.65
1661142061,76.65
1661142121,76.55
1661142181,76.55
1661142241,76.55
1661142301,76.55
1661142361,76.55
1661142422,76.65
1661142481,76.55
1661142541,76.65
1661142601,76.55
1661142661,76.55
1661142721,76.55
1661142781,76.42
1661142842,76.42
1661142901,76.42
1661142961,76.42
1661143021,76.42
1661143081,76.31
1661143141,76.31
1661143201,76.31
1661143262,76.31
1661143321,76.20
1661143381,76.31
1661143441,76.31
1661143501,76.31
1661143561,76.20
1661143621,76.31
1661143681,76.20
1661143741,76.20
1661143801,76.20
1661143861,76.20
1661143922,76.20
1661143981,76.20
1661144041,76.10
1661144101,76.10
1661144161,76.10
1661144222,76.10
1661144281,76.20
1661144341,76.20
1661144401,76.31
1661144461,76.31
1661144522,76.42
1661144581,76.55
1661144641,76.65
1661144701,76.76
1661144761,76.87
1661144822,76.87
1661144881,77.00
1661144941,77.00
1661145001,77.00
1661145061,77.21
1661145122,77.21
1661145181,77.21
1661145241,77.45
1661145301,77.45
1661145361,77.45
1661145421,77.55
1661145481,77.66
1661145541,77.66
1661145601,77.77
1661145661,77.77
1661145721,77.90
1661145781,77.90
1661145842,77.90
1661145901,77.77
1661145961,77.77
1661146021,77.77
1661146081,77.77
1661146142,77.77
1661146201,77.77
1661146261,77.66
1661146321,77.66
1661146381,77.66
1661146441,77.66
1661146501,77.55
1661146561,77.55
1661146621,77.55
1661146681,77.55
1661146742,77.55
1661146801,77.55
1661146861,77.45
1661146921,77.45
1661146981,77.45
1661147041,77.45
1661147101,77.45
1661147161,77.32
1661147221,77.45
1661147282,77.32
1661147341,77.32
1661147401,77.32
1661147461,77.21
1661147521,77.21
1661147581,77.21
1661147641,77.21
1661147701,77.21
1661147761,77.10
1661147821,77.10
1661147881,77.21
1661147941,77.21
1661148001,77.10
1661148061,77.10
1661148121,77.00
1661148181,77.00
1661148241,77.00
1661148301,77.00
1661148362,77.00
1661148421,77.00
1661148481,77.00
1661148541,76.87
1661148601,77.00
1661148662,76.87
1661148721,76.87
1661148781,76.87
1661148841,76.87
1661148901,76.87
1661148961,76.87
1661149021,76.76
1661149081,76.76
1661149141,76.76
1661149201,76.76
1661149261,76.65
1661149321,76.65
1661149382,76.65
1661149441,76.65
1661149501,76.65
1661149561,76.65
1661149621,76.65
1661149681,76.55
1661149741,76.65
1661149801,76.65
1661149861,76.55
1661149921,76.55
1661149981,76.55
1661150041,76.55
1661150101,76.55
1661150161,76.42
1661150221,76.42
1661150281,76.42
1661150341,76.42
1661150401,76.42
1661150461,76.42
1661150521,76.31
1661150581,76.42
1661150641,76.31
1661150702,76.42
1661150761,76.42
1661150821,76.31
1661150881,76.31
1661150941,76.20
1661151001,76.20
1661151061,76.20
1661151121,76.20
1661151181,76.20
1661151241,76.20
1661151301,76.20
1661151361,76.20
1661151421,76.10
1661151481,76.10
1661151542,75.97
1661151601,76.10
1661151661,75.97
1661151721,76.10
1661151781,76.31
1661151841,76.31
1661151901,76.42
1661151962,76.42
1661152021,76.42
1661152081,76.55
1661152141,76.65
1661152201,76.76
1661152262,76.76
1661152321,77.00
1661152382,76.87
1661152441,77.00
1661152501,77.00
1661152561,77.10
1661152621,77.21
1661152682,77.32
1661152741,77.32
1661152801,77.45
1661152861,77.55
1661152921,77.55
1661152981,77.55
1661153041,77.77
1661153101,77.66
1661153161,77.77
1661153221,78.00
1661153281,77.90
1661153341,77.77
1661153401,77.77
1661153462,77.77
1661153521,77.77
1661153581,77.77
1661153641,77.66
1661153701,77.77
1661153761,77.66
1661153821,77.66
1661153881,77.55
1661153941,77.66
1661154001,77.66
1661154062,77.66
1661154121,77.66
1661154181,77.45
1661154241,77.45
1661154301,77.45
1661154362,77.45
1661154421,77.45
1661154481,77.45
1661154541,77.45
1661154601,77.45
1661154661,77.45
1661154721,77.45
1661154781,77.32
1661154841,77.32
1661154901,77.21
1661154961,77.32
1661155021,77.21
1661155082,77.21
1661155141,77.21
1661155202,77.21
1661155261,77.21
1661155321,77.10
1661155381,77.10
1661155441,77.10
1661155502,77.10
1661155561,77.00
1661155621,77.00
1661155681,77.10
1661155741,77.00
1661155801,77.00
1661155861,77.00
1661155922,77.00
1661155981,77.00
1661156041,77.00
1661156101,76.87
1661156161,76.87
1661156222,76.87
1661156281,77.00
1661156341,76.87
1661156401,76.87
1661156461,76.87
1661156522,76.87
1661156581,76.76
1661156642,76.87
1661156701,76.65
1661156761,76.76
1661156821,76.76
1661156881,76.76
1661156941,76.65
1661157001,76.76
1661157062,76.76
1661157121,76.65
1661157182,76.65
1661157241,76.65
1661157301,76.55
1661157361,76.65
1661157421,76.65
1661157482,76.55
1661157541,76.55
1661157601,76.55
1661157661,76.55
1661157721,76.55
1661157781,76.42
1661157841,76.42
1661157901,76.42
1661157961,76.31
1661158021,76.55
1661158081,76.42
1661158141,76.42
1661158201,76.42
1661158261,76.42
1661158321,76.42
1661158381,76.31
1661158441,76.31
1661158501,76.31
1661158562,76.31
1661158621,76.31
1661158681,76.31
1661158741,76.31
1661158801,76.20
1661158861,76.20
1661158921,76.20
1661158981,76.20
1661159041,76.20
1661159102,76.20
1661159161,76.10
1661159221,76.10
1661159281,76.10
1661159341,76.10
1661159401,76.20
1661159461,76.20
1661159521,76.31
1661159581,76.42
1661159641,76.42
1661159701,76.55
1661159761,76.65
1661159822,76.65
1661159881,76.76
1661159941,76.87
1661160001,76.87
1661160061,76.87
1661160121,77.00
1661160181,77.21
1661160242,77.21
1661160301,77.21
1661160361,77.32
1661160421,77.45
1661160481,77.45
1661160542,77.55
1661160601,77.66
1661160661,77.66
1661160721,77.77
1661160781,77.77
1661160842,77.77
1661160901,78.00
1661160961,78.11
1661161021,78.00
1661161081,78.11
1661161142,78.00
1661161201,78.00
1661161261,78.00
1661161321,78.00
1661161381,78.00
1661161441,78.00
1661161501,77.90
1661161561,77.90
1661161621,77.77
1661161681,77.77
1661161741,77.77
1661161801,77.77
1661161862,77.77
1661161921,77.66
1661161981,77.55
1661162041,77.66
1661162101,77.66
1661162162,77.55
1661162221,77.55
1661162281,77.55
1661162341,77.55
1661162401,77.55
1661162462,77.45
1661162521,77.45
1661162582,77.45
1661162641,77.45
1661162701,77.45
1661162761,77.45
1661162821,77.32
1661162882,77.32
1661162941,77.32
1661163001,77.32
1661163061,77.32
1661163121,77.32
1661163181,77.32
1661163241,77.21
1661163302,77.32
1661163361,77.21
1661163421,77.21
1661163481,77.21
1661163541,77.10
1661163601,77.10
1661163661,77.10
1661163722,77.10
1661163781,77.00
1661163841,77.10
1661163901,77.10
1661163961,77.00
1661164022,77.00
1661164081,77.00
1661164141,76.87
1661164201,76.87
1661164261,77.00
1661164322,77.00
1661164381,76.87
1661164442,76.87
1661164501,77.00
1661164561,76.87
1661164621,76.87
1661164681,76.87
1661164742,76.76
1661164801,76.87
1661164861,76.76
1661164921,76.65
1661164981,76.65
1661165042,76.76
1661165101,76.65
1661165161,76.65
1661165221,76.76
1661165281,76.65
1661165341,76.65
1661165401,76.55
1661165462,76.65
1661165521,76.55
1661165581,76.55
1661165641,76.55
1661165701,76.42
1661165761,76.55
1661165821,76.55
1661165881,76.42
1661165941,76.42
1661166002,76.42
1661166061,76.55
1661166121,76.55
1661166181,76.31
1661166241,76.42
1661166301,76.42
1661166361,76.31
1661166422,76.31
1661166481,76.42
1661166541,76.20
1661166601,76.31
1661166661,76.31
1661166722,76.31
1661166781,76.31
1661166841,76.31
1661166901,76.20
1661166961,76.20
1661167022,76.20
1661167081,76.20
1661167141,76.20
1661167201,76.20
1661167261,76.20
1661167321,76.20
1661167381,76.20
1661167442,76.10
1661167501,76.10
1661167561,76.10
1661167621,76.20
1661167681,76.31
1661167742,76.31
1661167801,76.55
1661167862,76.65
1661167921,76.65
1661167981,76.65
1661168041,76.65
1661168101,76.76
1661168162,76.87
1661168221,76.87
1661168281,77.10
1661168341,77.10
1661168401,77.10
1661168461,77.21
1661168521,77.32
1661168581,77.32
1661168641,77.45
1661168701,77.55
1661168761,77.66
1661168821,77.77
1661168881,77.77
1661168941,77.77
1661169001,78.00
1661169061,78.00
1661169121,78.00
1661169182,78.11
1661169241,78.11
1661169301,78.22
1661169361,78.22
1661169421,78.22
1661169481,78.11
1661169541,78.11
1661169602,78.11
1661169661,78.00
1661169721,78.00
1661169781,78.00
1661169841,78.11
1661169901,77.90
1661169961,78.00
1661170022,77.90
1661170081,77.90
1661170141,78.00
1661170201,77.90
1661170261,77.77
1661170321,77.90
1661170381,77.90
1661170441,77.77
1661170501,77.66
1661170561,77.66
1661170622,77.55
1661170681,77.55
1661170741,77.55
1661170801,77.55
1661170861,77.55
1661170921,77.55
1661170981,77.55
1661171041,77.55
1661171102,77.45
1661171161,77.55
1661171221,77.55
1661171281,77.45
1661171341,77.45
1661171402,77.45
1661171461,77.32
1661171521,77.32
1661171581,77.32
1661171641,77.32
1661171702,77.32
1661171761,77.32
1661171822,77.21
1661171881,77.21
1661171941,77.21
1661172001,77.21
1661172061,77.21
1661172122,77.21
1661172181,77.10
1661172241,77.21
1661172301,77.10
1661172361,77.10
1661172421,77.10
1661172481,77.00
1661172541,77.10
1661172601,77.00
1661172661,77.00
1661172721,77.00
1661172781,77.00
1661172841,77.00
1661172901,77.00
1661172961,77.00
1661173022,77.00
1661173081,76.87
1661173141,76.87
1661173201,76.87
1661173261,76.87
1661173321,76.87
1661173381,76.87
1661173442,76.76
1661173501,76.76
1661173561,76.87
1661173621,76.76
1661173681,76.76
1661173741,76.76
1661173801,76.65
1661173862,76.76
1661173921,76.76
1661173981,76.76
1661174041,76.76
1661174101,76.76
1661174161,76.65
1661174222,76.76
1661174281,76.65
1661174341,76.65
1661174401,76.55
1661174461,76.55
1661174522,76.65
1661174581,76.65
1661174641,76.65
1661174701,76.65
1661174761,76.65
1661174822,76.55
1661174881,76.55
1661174941,76.65
1661175001,76.55
1661175061,76.42
1661175121,76.55
1661175181,76.42
1661175242,76.42
1661175301,76.55
1661175361,76.42
1661175421,76.42
1661175481,76.42
1661175541,76.31
1661175601,76.42
1661175661,76.31
1661175721,76.31
1661175781,76.31
1661175841,76.31
1661175902,76.42
1661175961,76.42
1661176021,76.31
1661176082,76.31
1661176141,76.20
1661176201,76.20
1661176261,76.31
1661176321,76.31
1661176382,76.65
1661176441,77.10
1661176501,76.87
1661176561,77.00
1661176621,77.00
1661176681,76.87
1661176741,77.21
1661176802,77.32
1661176861,77.55
1661176921,77.55
1661176981,77.55
1661177041,77.90
1661177101,77.90
1661177161,77.77
1661177222,78.00
1661177281,77.77
1661177341,78.00
1661177401,78.11
1661177461,78.22
1661177521,78.35
1661177581,78.22
1661177642,78.35
1661177701,78.35
1661177762,78.45
1661177821,78.45
1661177881,78.56
1661177941,78.67
1661178001,78.80
1661178062,78.90
1661178121,78.80
1661178181,78.80
1661178241,78.67
1661178301,78.80
1661178361,78.80
1661178421,78.80
1661178481,78.67
1661178541,78.67
1661178601,78.67
1661178661,78.56
1661178722,78.67
1661178781,78.56
1661178841,78.56
1661178901,78.45
1661178961,78.45
1661179021,78.35
1661179081,78.45
1661179141,78.35
1661179201,78.35
1661179261,78.22
1661179321,78.22
1661179381,78.22
1661179441,78.11
1661179501,78.11
1661179562,78.11
1661179621,78.00
1661179682,78.11
1661179741,78.00
1661179801,78.00
1661179861,78.00
1661179921,78.00
1661179982,78.00
1661180041,77.90
1661180101,77.90
1661180161,77.90
1661180221,77.77
1661180282,77.77
1661180341,77.90
1661180401,77.77
1661180461,77.77
1661180521,77.66
1661180582,77.66
1661180641,77.66
1661180701,77.66
1661180761,77.55
1661180821,77.55
1661180882,77.55
1661180941,77.55
1661181001,77.45
1661181061,77.55
1661181121,77.45
1661181181,77.45
1661181241,77.45
1661181301,77.32
1661181361,77.32
1661181421,77.32
1661181482,77.32
1661181541,77.32
1661181601,77.32
1661181661,77.21
1661181721,77.21
1661181781,77.21
1661181841,77.10
1661181901,77.10
1661181961,77.10
1661182021,77.10
1661182082,77.00
1661182141,77.10
1661182201,77.00
1661182261,77.00
1661182321,77.00
1661182381,77.00
1661182441,76.87
1661182501,77.00
1661182561,76.87
1661182621,76.87
1661182681,76.87
1661182741,76.87
1661182801,76.76
1661182861,76.76
1661182922,76.76
1661182981,76.76
1661183041,76.76
1661183101,76.65
1661183161,76.76
1661183221,76.65
1661183281,76.55
1661183341,76.55
1661183401,76.55
1661183461,76.55
1661183521,76.55
1661183581,76.55
1661183641,76.55
1661183701,76.42
1661183761,76.42
1661183821,76.42
1661183881,76.31
1661183942,76.42
1661184001,76.42
1661184062,76.42
1661184121,76.31
1661184181,76.31
1661184241,76.31
1661184301,76.31
1661184361,76.31
1661184421,76.20
1661184481,76.20
1661184541,76.20
1661184602,76.20
1661184661,76.20
1661184721,76.10
1661184781,76.20
1661184841,76.20
1661184901,76.42
1661184961,76.55
1661185022,76.76
1661185081,76.55
1661185141,76.76
1661185201,77.00
1661185261,76.87
1661185322,76.87
1661185381,77.21
1661185441,77.21
1661185501,77.21
1661185561,77.21
1661185621,77.32
1661185681,77.32
1661185741,77.32
1661185801,77.55
1661185861,77.66
1661185921,77.66
1661185981,77.66
1661186041,77.66
1661186101,77.90
1661186161,77.90
1661186221,78.00
1661186281,78.00
1661186342,77.90
1661186401,78.35
1661186461,78.22
1661186521,78.35
1661186581,78.22
1661186641,78.45
1661186701,78.45
1661186762,78.56
1661186821,78.80
1661186881,78.80
1661186941,78.67
1661187001,78.80
1661187061,78.80
1661187121,78.80
1661187181,79.01
1661187241,78.90
1661187302,79.01
1661187361,79.12
1661187421,79.01
1661187482,78.90
1661187541,78.80
1661187601,78.80
1661187661,78.80
1661187721,78.67
1661187781,78.67
1661187841,78.56
1661187902,78.56
1661187961,78.45
1661188022,78.56
1661188081,78.45
1661188141,78.45
1661188201,78.35
1661188261,78.22
1661188322,78.22
1661188381,78.22
1661188441,78.11
1661188501,78.11
1661188561,78.11
1661188621,78.11
1661188681,78.00
1661188741,78.00
1661188801,78.00
1661188861,77.90
1661188921,77.77
1661188981,77.90
1661189041,77.90
1661189101,77.77
1661189161,77.66
1661189221,77.66
1661189282,77.66
1661189341,77.66
1661189401,77.55
1661189461,77.55
1661189521,77.55
1661189581,77.55
1661189641,77.45
1661189701,77.45
1661189761,77.45
1661189821,77.45
1661189881,77.32
1661189941,77.32
1661190001,77.32
1661190061,77.21
1661190121,77.21
1661190181,77.21
1661190241,77.10
1661190302,77.21
1661190361,77.10
1661190421,77.10
1661190482,77.10
1661190541,77.00
1661190601,77.00
1661190661,77.00
1661190721,77.00
1661190781,76.87
1661190841,76.76
1661190902,76.87
1661190961,76.87
1661191021,76.76
1661191081,76.87
1661191141,76.76
1661191201,76.65
1661191261,76.65
1661191322,76.65
1661191381,76.65
1661191441,76.65
1661191501,76.55
1661191561,76.55
1661191621,76.55
1661191681,76.42
1661191741,76.55
1661191801,76.42
1661191861,76.42
1661191921,76.42
1661191981,76.31
1661192041,76.31
1661192101,76.31
1661192161,76.20
1661192221,76.20
1661192281,76.20
1661192341,76.10
1661192401,76.10
1661192461,76.10
1661192522,76.10
1661192581,76.31
1661192641,76.55
1661192701,76.55
1661192761,76.42
1661192822,76.42
1661192881,76.55
1661192941,76.55
1661193001,76.76
1661193061,76.76
1661193121,76.87
1661193181,77.00
1661193241,77.00
1661193301,76.87
1661193361,77.21
1661193421,76.87
1661193481,77.10
1661193542,77.10
1661193601,77.32
1661193661,77.21
1661193721,77.32
1661193781,77.66
1661193841,77.66
1661193901,77.66
1661193961,77.77
1661194021,77.66
1661194081,77.90
1661194141,77.90
1661194201,77.90
1661194261,77.90
1661194322,77.90
1661194381,78.11
1661194441,78.11
1661194501,78.22
1661194561,78.45
1661194621,78.35
1661194681,78.22
1661194741,78.56
1661194801,78.35
1661194861,78.45
1661194921,78.45
1661194981,78.56
1661195042,78.80
1661195101,78.80
1661195161,78.45
1661195221,78.45
1661195281,78.35
1661195341,78.35
1661195401,78.35
1661195462,78.35
1661195521,78.35
1661195581,78.22
1661195641,78.11
1661195701,78.11
1661195761,78.00
1661195821,78.00
1661195881,78.00
1661195941,78.00
1661196001,77.90
1661196061,77.90
1661196121,77.77
1661196181,77.77
1661196241,77.77
1661196301,77.66
1661196361,77.66
1661196421,77.66
1661196482,77.66
1661196541,77.55
1661196601,77.55
1661196661,77.55
1661196721,77.45
1661196782,77.45
1661196841,77.45
1661196901,77.45
1661196961,77.45
1661197021,77.45
1661197081,77.32
1661197141,77.32
1661197202,77.32
1661197261,77.21
1661197321,77.32
1661197381,77.10
1661197441,77.10
1661197501,77.10
1661197561,77.10
1661197621,77.10
1661197681,77.00
1661197742,77.00
1661197801,76.87
1661197861,76.87
1661197921,76.87
1661197981,76.87
1661198042,76.76
1661198101,76.76
1661198161,76.65
1661198221,76.76
1661198281,76.65
1661198341,76.65
1661198401,76.65
1661198462,76.65
1661198521,76.55
1661198581,76.55
1661198641,76.55
1661198701,76.42
1661198762,76.42
1661198821,76.42
1661198881,76.42
1661198941,76.42
1661199001,76.31
1661199061,76.31
1661199121,76.20
1661199182,76.31
1661199241,76.20
1661199301,76.20
1661199361,76.20
1661199421,76.10
1661199481,76.10
1661199541,76.10
1661199601,76.10
1661199661,76.20
1661199721,76.31
1661199781,76.31
1661199841,76.31
1661199902,76.55
1661199961,76.55
1661200021,76.76
1661200081,76.65
1661200141,76.65
1661200202,76.76
1661200261,76.87
1661200321,77.00
1661200381,77.00
1661200441,77.10
1661200501,77.21
1661200561,77.10
1661200622,77.21
1661200681,77.21
1661200741,77.45
1661200801,77.45
1661200861,77.45
1661200922,77.66
1661200981,77.66
1661201041,77.77
1661201101,77.77
1661201161,77.77
1661201221,77.90
1661201281,78.11
1661201341,78.00
1661201401,78.11
1661201461,78.11
1661201521,78.22
1661201581,78.22
1661201641,78.35
1661201701,78.45
1661201761,78.35
1661201821,78.56
1661201881,78.56
1661201941,78.67
1661202001,78.67
1661202061,78.67
1661202122,78.67
1661202181,78.67
1661202241,78.56
1661202301,78.56
1661202361,78.56
1661202422,78.45
1661202481,78.45
1661202541,78.35
1661202601,78.35
1661202661,78.35
1661202721,78.22
1661202781,78.11
1661202842,78.11
1661202901,78.22
1661202961,78.22
1661203021,78.11
1661203081,78.11
1661203141,78.00
1661203201,78.00
1661203261,78.00
1661203321,77.90
1661203381,78.00
1661203441,77.90
1661203501,77.77
1661203561,77.77
1661203621,77.77
1661203681,77.66
1661203741,77.66
1661203801,77.66
1661203861,77.66
1661203921,77.66
1661203981,77.66
1661204041,77.55
1661204101,77.55
1661204161,77.55
1661204221,77.55
1661204282,77.55
1661204341,77.45
1661204401,77.55
1661204461,77.32
1661204521,77.45
1661204581,77.32
1661204641,77.32
1661204701,77.32
1661204761,77.32
1661204821,77.32
1661204881,77.21
1661204941,77.21
1661205001,77.21
1661205061,77.10
1661205121,77.10
1661205181,77.10
1661205241,77.10
1661205302,77.00
1661205361,77.10
1661205421,77.00
1661205481,77.00
1661205541,77.00
1661205602,76.87
1661205661,77.00
1661205721,76.87
1661205781,76.87
1661205841,76.76
1661205902,76.87
1661205961,76.76
1661206021,76.76
1661206081,76.87
1661206141,76.76
1661206201,76.76
1661206261,76.65
1661206321,76.76
1661206381,76.65
1661206441,76.65
1661206501,76.65
1661206561,76.65
1661206622,76.55
1661206681,76.55
1661206741,76.55
1661206801,76.55
1661206861,76.55
1661206922,76.42
1661206981,76.42
1661207041,76.31
1661207101,76.31
1661207161,76.31
1661207222,76.31
1661207281,76.42
1661207341,76.31
1661207401,76.31
1661207461,76.31
1661207521,76.20
1661207581,76.20
1661207641,76.20
1661207701,76.20
1661207762,76.20
1661207821,76.20
1661207881,76.20
1661207942,76.10
1661208001,76.20
1661208061,76.31
1661208121,76.42
1661208181,76.42
1661208241,76.42
1661208301,76.65
1661208361,76.65
1661208421,76.65
1661208482,76.76
1661208541,76.87
1661208601,77.10
1661208661,77.21
1661208721,77.10
1661208781,77.21
1661208841,77.21
1661208901,77.32
1661208961,77.55
1661209021,77.55
1661209081,77.66
1661209141,77.66
1661209202,77.66
1661209261,77.90
1661209321,77.90
1661209381,77.90
1661209441,78.22
1661209501,78.11
1661209561,78.11
1661209621,78.22
1661209681,78.11
1661209741,78.22
1661209801,78.35
1661209861,78.35
1661209921,78.45
1661209981,78.56
1661210041,78.45
1661210102,78.45
1661210161,78.22
1661210221,78.22
1661210281,78.22
1661210341,78.22
1661210402,78.11
1661210461,78.11
1661210521,78.00
1661210581,78.00
1661210641,78.11
1661210701,78.00
1661210761,78.00
1661210821,78.00
1661210881,78.00
1661210941,77.90
1661211001,77.90
1661211061,77.90
1661211121,77.90
1661211181,77.77
1661211241,77.66
1661211301,77.66
1661211361,77.55
1661211421,77.66
1661211481,77.66
1661211542,77.55
1661211601,77.66
1661211661,77.55
1661211721,77.55
1661211781,77.45
1661211841,77.45
1661211901,77.45
1661211961,77.45
1661212021,77.45
1661212081,77.32
1661212141,77.21
1661212201,77.32
1661212261,77.32
1661212321,77.21
1661212381,77.32
1661212441,77.21
1661212501,77.21
1661212561,77.21
1661212622,77.10
1661212681,77.10
1661212742,77.10
1661212801,77.00
1661212861,77.00
1661212922,77.00
1661212981,77.00
1661213041,77.00
1661213101,76.87
1661213161,76.87
1661213221,76.87
1661213281,76.76
1661213342,76.76
1661213401,76.76
1661213461,76.76
1661213521,76.65
1661213581,76.65
1661213641,76.65
1661213701,76.65
1661213761,76.65
1661213821,76.65
1661213882,76.65
1661213941,76.55
1661214001,76.55
1661214061,76.55
1661214121,76.42
1661214182,76.55
1661214241,76.42
1661214301,76.42
1661214361,76.31
1661214421,76.31
1661214481,76.31
1661214541,76.31
1661214602,76.20
1661214661,76.31
1661214721,76.31
1661214781,76.20
1661214841,76.31
1661214902,76.31
1661214961,76.20
1661215021,76.10
1661215081,76.10
1661215141,76.10
1661215201,76.20
1661215261,76.31
1661215321,76.42
1661215381,76.55
1661215441,76.55
1661257177,76.55
1661257201,76.55
1661257261,76.42
1661257321,76.31
1661257381,76.42
1661257441,76.42
1661257501,76.31
1661257562,76.31
1661257621,76.31
1661257681,76.31
1661257741,76.31
1661257801,76.42
1661257861,76.31
1661257921,76.31
1661257981,76.20
1661258041,76.31
1661258101,76.20
1661258162,76.20
1661258221,76.31
1661258281,76.20
1661258341,76.31
1661258401,76.31
1661258461,76.42
1661258521,76.42
1661258581,76.65
1661258641,76.76
1661258701,76.87
1661258761,76.87
1661258821,77.00
1661258882,77.21
1661258941,77.21
1661259001,77.21
1661259061,77.32
1661259121,77.55
1661259181,77.55
1661259241,76.65
1661259302,76.76
1661259362,76.87
1661259421,76.87
1661259481,76.76
1661259541,76.87
1661259601,77.00
1661259661,76.87
1661259721,76.87
1661259781,76.87
1661259841,76.87
1661259901,76.76
1661259961,76.76
1661260021,76.76
1661260081,76.76
1661260141,76.76
1661260201,76.76
1661260261,76.76
1661260321,76.65
1661260381,76.76
1661260441,76.65
1661260501,76.65
1661260561,76.65
1661259241,
1661298551,76.42
1661298602,76.31
1661298661,76.42
1661298721,76.42
1661298781,76.20
1661298841,76.31
1661298901,76.20
1661298961,76.20
1661299022,76.20
1661299081,76.20
1661299141,76.20
1661299201,76.20
1661299261,76.10
1661299321,76.10
1661299381,76.31
1661299441,76.20
1661299501,76.20
1661299561,76.31
1661299622,76.31
1661299681,76.31
1661299741,76.42
1661299801,76.42
1661299861,76.55
1661299921,76.55
1661299981,76.76
1661300041,76.87
1661300101,77.10
1661300161,76.87
1661300221,77.00
1661300281,77.00
1661300341,76.87
1661300401,77.00
1661300461,76.87
1661300521,76.76
1661300582,76.76
1661300641,76.65
1661300701,76.65
1661300761,76.76
1661300821,76.76
1661300881,76.55
1661300941,76.65
1661301002,76.65
1661301061,76.65
1661301121,76.65
1661301181,76.55
1661301241,76.55
1661301301,76.55
1661301361,76.42
1661301422,76.55
1661301482,76.42
1661301541,76.42
1661301601,76.42
1661301661,76.42
1661301721,76.42
1661301781,76.31
1661301841,76.31
1661301902,76.31
1661301961,76.20
1661302021,76.31
1661302081,76.31
1661302141,76.20
1661302202,76.31
1661302261,76.31
1661302322,76.10
1661302381,76.20
1661302441,76.10
1661302501,76.10
1661302561,76.10
1661302621,76.10
1661302681,76.20
1661302741,76.31
1661302801,76.31
1661302862,76.31
1661302921,76.55
1661302981,76.55
1661303041,76.55
1661303101,76.55
1661303161,76.55
1661303221,76.76
1661303282,76.65
1661303341,76.87
1661303402,77.00
1661303461,77.00
1661303521,77.10
1661303581,77.10
1661303641,77.10
1661303701,77.10
1661303761,77.00
1661303822,77.00
1661303881,76.87
1661303941,76.87
1661304001,76.87
1661304061,76.87
1661304121,76.87
1661304181,76.76
1661304242,76.76
1661304301,76.76
1661304361,76.76
1661304421,76.76
1661304481,76.76
1661304541,76.65
1661304601,76.65
1661304662,76.65
1661304721,76.65
1661304782,76.65
1661304841,76.55
1661304901,76.55
1661304961,76.55
1661305021,76.55
1661305082,76.55
1661305141,76.55
1661305201,76.42
1661305261,76.42
1661305321,76.42
1661305381,76.42
1661305441,76.42
1661305501,76.42
1661305561,76.42
1661305621,76.42
1661305681,76.42
1661305741,76.42
1661305801,76.31
1661305861,76.31
1661305922,76.31
1661305981,76.20
1661306041,76.20
1661306101,76.20
1661306161,76.20
1661306221,76.20
1661306281,76.31
1661306341,76.42
1661306401,76.10
1661306461,76.20
1661306521,76.20
1661306582,76.55
1661306641,76.31
1661306701,76.42
1661306761,76.55
1661306821,76.65
1661306882,76.65
1661306941,76.65
1661307002,76.87
1661307061,76.76
1661307121,77.00
1661307181,77.00
1661307241,77.21
1661307302,77.21
1661307361,77.21
1661307421,77.10
1661307482,77.10
1661307541,77.10
1661307602,77.10
1661307661,77.00
1661307721,77.00
1661307781,77.00
1661307841,76.87
1661307901,77.00
1661307961,76.87
1661308021,76.87
1661308081,77.00
1661308142,76.87
1661308201,76.87
1661308261,76.76
1661308321,76.76
1661308381,76.76
1661308441,76.76
1661308501,76.65
1661308561,76.65
1661308621,76.65
1661308682,76.65
1661308741,76.65
1661308802,76.55
1661308861,76.55
1661308921,76.55
1661308981,76.55
1661309041,76.55
1661309101,76.55
1661309161,76.42
1661309221,76.42
1661309281,76.42
1661309341,76.42
1661309401,76.31
1661309461,76.42
1661309521,76.31
1661309581,76.31
1661309641,76.31
1661309701,76.20
1661309761,76.20
1661309821,76.20
1661309881,76.10
1661309941,76.20
1661310001,76.20
1661310062,76.10
1661310121,76.10
1661310181,76.20
1661310241,76.20
1661310301,76.10
1661310361,76.20
1661310421,76.20
1661310481,76.10
1661310541,76.31
1661310601,76.42
1661310661,76.42
1661310721,76.42
1661310781,76.42
1661310841,76.55
1661310902,76.65
1661310961,76.76
1661311021,76.87
1661311081,76.87
1661311141,77.00
1661311202,77.21
1661311261,77.21
1661311321,77.10
1661311381,77.00
1661311441,77.00
1661311502,77.00
1661311561,77.00
1661311621,77.00
1661311681,77.00
1661311741,77.00
1661311801,76.87
1661311861,76.87
1661311921,76.76
1661311981,76.76
1661312041,76.76
1661312101,76.76
1661312161,76.76
1661312222,76.76
1661312281,76.65
1661312341,76.76
1661312401,76.76
1661312461,76.65
1661312521,76.65
1661312581,76.65
1661312641,76.55
1661312701,76.55
1661312762,76.55
1661312821,76.55
1661312881,76.42
1661312941,76.42
1661313001,76.42
1661313061,76.42
1661313121,76.42
1661313181,76.31
1661313241,76.31
1661313301,76.31
1661313361,76.31
1661313421,76.31
1661313481,76.31
1661313541,76.20
1661313601,76.31
1661313661,76.31
1661313721,76.20
1661313781,76.20
1661313841,76.20
1661313901,76.20
1661313962,76.10
1661314021,76.20
1661314082,76.20
1661314141,76.20
1661314201,76.20
1661314261,76.20
1661314321,76.31
1661314381,76.31
1661314441,76.55
1661314501,76.55
1661314561,76.65
1661314621,76.65
1661314682,76.65
1661314741,76.76
1661314801,76.87
1661314861,77.10
1661314921,77.00
1661314981,77.21
1661315041,77.10
1661315101,77.21
1661315161,77.10
1661315221,77.10
1661315281,77.00
1661315341,77.00
1661315401,77.10
1661315461,77.00
1661315521,77.00
1661315581,77.00
1661315641,76.87
1661315701,76.87
1661315761,76.87
1661315821,76.87
1661315881,76.76
1661315942,76.76
1661316001,76.76
1661316061,76.87
1661316121,76.76
1661316181,76.76
1661316241,76.65
1661316301,76.76
1661316361,76.65
1661316421,76.65
1661316481,76.65
1661316541,76.65
1661316602,76.65
1661316661,76.65
1661316721,76.55
1661316781,76.55
1661316841,76.42
1661316901,76.55
1661316961,76.55
1661317021,76.42
1661317081,76.42
1661317142,76.42
1661317201,76.42
1661317262,76.42
1661317321,76.42
1661317381,76.42
1661317441,76.31
1661317501,76.31
1661317562,76.31
1661317621,76.31
1661317681,76.20
1661317741,76.31
1661317801,76.20
1661317861,76.10
1661317921,76.10
1661317981,76.10
1661318041,76.10
1661318101,76.10
1661318161,76.20
1661318222,76.10
1661318281,76.10
1661318341,76.20
1661318401,76.20
1661318461,76.10
1661318521,76.31
1661318581,76.31
1661318641,76.42
1661318701,76.42
1661318762,76.55
1661318821,76.55
1661318881,76.55
1661318941,76.76
1661319001,77.00
1661319061,76.87
1661319121,77.00
1661319181,77.00
1661319241,77.10
1661319301,77.10
1661319361,77.21
1661319421,77.21
1661319481,77.21
1661319541,77.10
1661319602,77.10
1661319661,77.00
1661319721,77.00
1661319781,77.00
1661319841,76.87
1661319902,77.00
1661319961,77.00
1661320021,76.87
1661320081,76.87
1661320141,76.87
1661320201,76.87
1661320261,76.76
1661320322,76.76
1661320381,76.76
1661320442,76.76
1661320501,76.76
1661320562,76.76
1661320621,76.65
1661320681,76.65
1661320741,76.65
1661320801,76.65
1661320861,76.65
1661320921,76.65
1661320981,76.65
1661321041,76.65
1661321102,76.65
1661321161,76.65
1661321221,76.55
1661321281,76.55
1661321341,76.55
1661321401,76.55
1661321461,76.55
1661321521,76.42
1661321582,76.42
1661321641,76.31
1661321701,76.42
1661321761,76.31
1661321821,76.31
1661321882,76.31
1661321941,76.31
1661322001,76.20
1661322061,76.31
1661322121,76.31
1661322181,76.20
1661322241,76.20
1661322301,76.20
1661322361,76.20
1661322422,76.20
1661322481,76.20
1661322542,76.20
1661322601,76.20
1661322661,75.97
1661322721,76.10
1661322781,76.20
1661322841,76.10
1661322901,76.10
1661322962,76.31
1661323021,76.55
1661323082,76.55
1661323141,76.42
1661323201,76.76
1661323262,76.55
1661323321,76.76
1661323381,76.65
1661323441,77.00
1661323501,77.10
1661323561,77.00
1661323621,76.87
1661323681,77.21
1661323741,77.21
1661323802,77.10
1661323861,77.10
1661323921,77.00
1661323981,77.00
1661324041,77.00
1661324102,77.00
1661324161,76.87
1661324221,77.00
1661324281,76.87
1661324341,76.87
1661324401,76.87
1661324461,76.76
1661324521,76.87
1661324581,76.76
1661324641,76.76
1661324701,76.76
1661324762,76.76
1661324821,76.76
1661324882,76.76
1661324941,76.76
1661325001,76.65
1661325061,76.65
1661325121,76.65
1661325182,76.65
1661325241,76.55
1661325302,76.55
1661325361,76.65
1661325421,76.55
1661325481,76.55
1661325541,76.55
1661325601,76.55
1661325661,76.55
1661325721,76.42
1661325781,76.55
1661325841,76.42
1661325901,76.42
1661325961,76.42
1661326022,76.42
1661326081,76.42
1661326141,76.42
1661326201,76.31
1661326261,76.31
1661326321,76.31
1661326381,76.31
1661326441,76.20
1661326501,76.31
1661326562,76.31
1661326621,76.20
1661326681,76.20
1661326741,76.20
1661326801,76.20
1661326861,76.20
1661326921,76.20
1661326981,76.20
1661327041,76.10
1661327102,76.20
1661327161,76.20
1661327221,76.31
1661327281,76.31
1661327341,76.20
1661327401,76.42
1661327461,76.42
1661327521,76.42
1661327581,76.65
1661327641,76.55
1661327701,76.65
1661327761,76.76
1661327821,76.76
1661327881,77.00
1661327941,77.00
1661328001,77.00
1661328061,77.21
1661328121,77.21
1661328181,77.21
1661328241,77.10
1661328301,77.10
1661328361,77.10
1661328421,77.00
1661328481,77.00
1661328541,77.00
1661328602,77.00
1661328661,77.00
1661328721,77.00
1661328781,76.87
1661328841,76.87
1661328901,76.87
1661328961,76.87
1661329022,76.87
1661329081,76.87
1661329141,76.87
1661329201,76.76
1661329261,76.76
1661329321,76.76
1661329381,76.65
1661329442,76.76
1661329501,76.65
1661329562,76.65
1661329621,76.65
1661329681,76.65
1661329741,76.65
1661329801,76.65
1661329861,76.55
1661329921,76.42
1661329981,76.55
1661330041,76.55
1661330101,76.42
1661330161,76.42
1661330222,76.55
1661330281,76.42
1661330341,76.42
1661330401,76.31
1661330461,76.42
1661330521,76.42
1661330581,76.42
1661330642,76.31
1661330701,76.31
1661330762,76.31
1661330821,76.31
                 1661345731,
1661345761,76.55
1661345821,76.42
1661345881,76.55
1661345941,76.55
1661346001,76.76
1661346061,76.76
1661346121,77.00
1661346181,77.00
1661346241,77.00
1661346301,77.10
1661346362,77.10
1661346421,77.32
1661346481,77.32
1661346541,77.66
1661346601,77.55
1661346661,77.77
1661346721,77.66
1661346781,77.55
1661346841,77.55
1661346901,77.55
1661346961,77.55
1661347021,77.55
1661347081,77.55
1661347141,77.45
1661347201,77.45
1661347261,77.32
1661347321,77.32
1661347382,77.45
1661347441,77.45
1661347501,77.32
1661347561,77.32
1661347621,77.45
1661347681,77.32
1661347741,77.32
1661347801,77.21
1661347861,77.21
1661347921,77.32
1661347981,77.21
1661348042,77.21
1661348101,77.10
1661348161,77.21
1661348221,77.21
1661348281,77.10
1661348341,77.10
1661348401,77.10
1661348461,77.21
1661348521,77.10
1661348581,77.10
1661348641,77.10
1661348701,77.10
1661348761,77.00
1661348821,76.87
1661348882,77.00
1661348941,77.00
1661349001,76.87
1661349061,76.87
1661349121,76.87
1661349182,76.87
1661349241,76.87
1661349301,76.87
1661349361,76.87
1661349421,76.76
1661349481,76.87
1661349541,76.87
1661349602,76.76
1661349661,76.87
1661349721,76.76
1661349781,76.76
1661349841,76.76
1661349901,76.76
1661349961,76.65
1661350021,76.65
1661350081,76.65
1661350142,76.65
1661350201,76.65
1661350261,76.65
1661350321,76.55
1661350381,76.55
1661350442,76.55
1661350501,76.65
1661350562,76.65
1661350621,76.55
1661350681,76.55
1661350741,76.55
1661350801,76.55
1661350862,76.42
1661350921,76.42
1661350981,76.42
1661351041,76.42
1661351101,76.42
1661351161,76.31
1661351221,76.42
1661351281,76.31
1661351341,76.31
1661351402,76.42
1661351461,76.31
1661351521,76.31
1661351581,76.31
1661351641,76.31
1661351701,76.20
1661351761,76.31
1661351821,76.20
1661351881,76.20
1661351942,76.20
1661352001,76.10
1661352061,76.10
1661352121,76.20
1661352182,76.20
1661352241,76.20
1661352301,76.20
1661352361,76.10
1661352421,76.10
1661352481,76.10
1661352541,76.10
1661352601,76.31
1661352661,76.31
1661352722,76.20
1661352781,76.42
1661352841,76.55
1661352901,76.42
1661352961,76.42
1661353021,76.76
1661353081,76.65
1661353141,76.65
1661353201,76.65
1661353262,76.76
1661353321,76.76
1661353381,76.87
1661353441,77.10
1661353501,77.21
1661353562,77.10
1661353621,77.10
1661353681,77.32
1661353741,77.55
1661353801,77.55
1661353861,77.55
1661353921,77.55
1661353981,77.55
1661354041,77.55
1661354101,77.55
1661354161,77.55
1661354221,77.55
1661354281,77.55
1661354341,77.55
1661354401,77.55
1661354461,77.45
1661354521,77.45
1661354581,77.32
1661354641,77.45
1661354701,77.32
1661354761,77.32
1661354822,77.32
1661354881,77.21
1661354942,77.21
1661355001,77.21
1661355061,77.21
1661355121,77.21
1661355181,77.10
1661355241,77.10
1661355301,77.00
1661355362,77.10
1661355421,77.00
1661355481,76.87
1661355541,77.00
1661355601,76.87
1661355661,76.87
1661355721,76.87
1661355781,76.76
1661355841,76.76
1661355901,76.65
1661355961,76.76
1661356021,76.76
1661356081,76.76
1661356141,76.65
1661356202,76.65
1661356261,76.65
1661356322,76.55
1661356381,76.55
1661356441,76.55
1661356501,76.42
1661356561,76.55
1661356621,76.42
1661356681,76.42
1661356742,76.31
1661356801,76.31
1661356862,76.31
1661356921,76.31
1661356982,76.31
1661357041,76.20
1661357101,76.20
1661357161,76.20
1661357221,76.10
1661357281,76.10
1661357341,76.10
1661357402,76.10
1661357461,76.20
1661357521,76.20
1661357581,76.20
1661357641,76.31
1661357701,76.55
1661357761,76.55
1661357821,76.55
1661357881,76.55
1661357941,76.65
1661358001,76.65
1661358061,76.65
1661358121,76.76
1661358181,76.87
1661358241,76.76
1661358301,76.76
1661358361,76.76
1661358421,76.87
1661358481,77.21
1661358541,77.00
1661358601,77.00
1661358661,77.32
1661358721,77.32
1661358781,77.32
1661358841,77.32
1661358901,77.32
1661358961,77.21
1661359021,77.21
1661359081,77.21
1661359141,77.10
1661359201,77.10
1661359261,77.10
1661359321,77.00
1661359381,77.10
1661359441,76.87
1661359501,76.87
1661359562,76.87
1661359621,76.87
1661359682,76.87
1661359741,76.87
1661359801,76.76
1661359861,76.76
1661359921,76.76
1661359981,76.76
1661360041,76.76
1661360102,76.65
1661360161,76.55
1661360221,76.55
1661360281,76.55
1661360341,76.55
1661360401,76.55
1661360461,76.55
1661360521,76.42
1661360581,76.42
1661360641,76.42
1661360701,76.42
1661360761,76.31
1661360821,76.31
1661360882,76.31
1661360941,76.31
1661361001,76.20
1661361061,76.20
1661361121,76.20
1661361181,76.10
1661361241,76.10
1661361301,76.10
1661361361,76.20
1661361422,76.20
1661361481,76.31
1661361541,76.31
1661361601,76.31
1661361661,76.42
1661361721,76.31
1661361781,76.55
1661361841,76.55
1661361901,76.55
1661361961,76.76
1661362021,76.76
1661362081,76.87
1661362141,76.87
1661362201,76.87
1661362261,77.10
1661362321,77.00
1661362381,77.10
1661362441,77.21
1661362501,77.10
1661362561,77.45
1661362621,77.21
1661362681,77.21
1661362741,77.32
1661362801,77.55
1661362861,77.45
1661362921,77.45
1661362981,77.45
1661363041,77.45
1661363101,77.32
1661363162,77.45
1661363221,77.32
1661363282,77.32
1661363341,77.21
1661363401,77.32
1661363461,77.21
1661363521,77.21
1661363581,77.21
1661363641,77.10
1661363701,77.00
1661363761,77.00
1661363822,77.00
1661363881,77.00
1661363942,76.87
1661364001,77.00
1661364061,76.87
1661364121,76.76
1661364181,76.87
1661364241,76.87
1661364301,76.76
1661364361,76.76
1661364421,76.76
1661364481,76.65
1661364541,76.65
1661364602,76.65
1661364661,76.65
1661364721,76.65
1661364781,76.55
1661364841,76.55
1661364901,76.55
1661364961,76.42
1661365021,76.42
1661365081,76.42
1661365141,76.42
1661365201,76.42
1661365261,76.31
1661365322,76.31
1661365381,76.20
1661365441,76.31
1661365501,76.31
1661365561,76.20
1661365621,76.20
1661365681,76.10
1661365741,76.20
1661365801,76.10
1661365862,76.10
1661365921,76.10
1661365981,76.20
1661366041,76.10
1661366101,76.20
1661366161,76.20
1661366221,76.20
1661366281,76.55
1661366341,76.31
1661366401,76.42
1661366461,76.55
1661366521,76.65
1661366581,76.65
1661366641,76.87
1661366701,76.87
1661366761,76.76
1661366821,77.10
1661366881,77.00
1661366941,77.21
1661367001,77.21
1661367061,77.21
1661367121,77.21
1661367181,77.21
1661367241,77.45
1661367301,77.55
1661367361,77.45
1661367421,77.45
1661367481,77.45
1661367541,77.45
1661367602,77.45
1661367661,77.32
1661367721,77.21
1661367781,77.21
1661367841,77.21
1661367901,77.10
1661367961,77.10
1661368021,77.10
1661368081,77.10
1661368142,77.10
1661368201,77.00
1661368261,77.00
1661368321,77.00
1661368381,76.87
1661368441,76.87
1661368501,76.87
1661368561,76.87
1661368621,76.87
1661368681,76.76
1661368741,76.76
1661368801,76.76
1661368861,76.65
1661368921,76.65
1661368981,76.65
1661369041,76.65
1661369102,76.55
1661369161,76.65
1661369221,76.42
1661369281,76.42
1661369341,76.42
1661369401,76.42
1661369461,76.42
1661369522,76.42
1661369581,76.42
1661369641,76.42
1661369701,76.31
1661369761,76.31
1661369821,76.20
1661369881,76.20
1661369941,76.20
1661370001,76.20
1661370062,76.20
1661370121,76.20
1661370182,76.10
1661370241,76.10
1661370301,76.20
1661370361,76.20
1661370421,76.31
1661370481,76.55
1661370541,76.20
1661370602,76.20
1661370661,76.20
1661370721,76.31
1661370781,76.31
1661370841,76.42
1661370901,76.55
1661370961,76.55
1661371021,76.65
1661371081,76.76
1661371141,76.87
1661371201,76.87
1661371261,77.10
1661371321,77.10
1661371381,76.87
1661371441,77.00
1661371501,77.32
1661371561,77.10
1661371621,77.45
1661371681,77.45
1661371741,77.45
1661371802,77.45
1661371861,77.66
1661371922,77.55
1661371981,77.45
1661372041,77.32
1661372101,77.32
1661372161,77.32
1661372222,77.32
1661372281,77.21
1661372341,77.21
1661372401,77.10
1661372461,77.10
1661372521,77.10
1661372581,77.00
1661372642,77.00
1661372701,77.00
1661372761,77.00
1661372821,77.00
1661372881,76.87
1661372941,77.00
1661373001,76.87
1661373061,76.87
1661373121,76.65
1661373181,76.76
1661373241,76.76
1661373301,76.76
1661373361,76.65
1661373421,76.65
1661373482,76.55
1661373541,76.65
1661373601,76.65
1661373661,76.55
1661373721,76.65
1661373781,76.55
1661373841,76.42
1661373901,76.55
1661373961,76.55
1661374021,76.31
1661374081,76.42
1661374142,76.31
1661374201,76.31
1661374261,76.31
1661374321,76.31
1661374381,76.31
1661374441,76.20
1661374501,76.20
1661374561,76.20
1661374621,76.10
1661374681,76.20
1661374741,76.20
1661374801,76.31
1661374861,76.10
1661374921,76.31
1661374981,76.42
1661375041,76.42
1661375102,76.55
1661375161,76.55
1661375221,76.55
1661375281,76.87
1661375341,76.76
1661375402,77.00
1661375461,76.87
1661375521,76.87
1661375581,76.87
1661375641,77.00
1661375701,77.10
1661375761,77.10
1661375822,77.21
1661375881,77.32
1661375941,77.21
1661376001,77.32
1661376061,77.32
1661376121,77.45
1661376181,77.45
1661376242,77.45
1661376301,77.32
1661376361,77.21
1661376421,77.21
1661376481,77.10
1661376541,77.10
1661376601,77.10
1661376661,77.00
1661376721,76.87
1661376782,77.00
1661376841,76.87
1661376901,76.87
1661376961,76.87
1661377021,76.76
1661377081,76.87
1661377141,76.76
1661377201,76.65
1661377261,76.65
1661377321,76.65
1661377381,76.55
1661377441,76.55
1661377501,76.65
1661377562,76.65
1661377621,76.55
1661377681,76.55
1661377741,76.55
1661377801,76.42
1661377861,76.42
1661377921,76.31
1661377981,76.42
1661378041,76.31
1661378101,76.31
1661378161,76.31
1661378221,76.31
1661378281,76.20
1661378342,76.20
1661378401,76.10
1661378461,76.10
1661378521,76.10
1661378581,76.31
1661378641,76.31
1661378701,76.31
1661378761,76.42
1661378821,76.55
1661378881,76.65
1661378941,76.55
1661379002,76.55
1661379061,76.55
1661379121,76.55
1661379181,76.76
1661379241,76.87
1661379301,76.87
1661379361,76.87
1661379421,76.87
1661379481,77.00
1661379541,77.10
1661379601,77.10
1661379661,77.21
1661379721,77.21
1661379781,77.32
1661379841,77.55
1661379901,77.55
1661379962,77.77
1661380021,77.66
1661380081,77.77
1661380141,78.00
1661380201,77.77
1661380261,77.90
1661380321,77.77
1661380381,77.66
1661380441,77.66
1661380502,77.55
1661380561,77.55
1661380622,77.55
1661380681,77.45
1661380742,77.55
1661380801,77.55
1661380861,77.55
1661380921,77.55
1661380981,77.45
1661381041,77.45
1661381101,77.45
1661381161,77.45
1661381221,77.32
1661381282,77.32
1661381341,77.21
1661381401,77.21
1661381461,77.21
1661381521,77.21
1661381581,77.21
1661381641,77.21
1661381701,77.21
1661381761,77.10
1661381822,77.10
1661381881,77.10
1661381941,77.10
1661382001,77.10
1661382061,77.10
1661382121,77.00
1661382181,77.00
1661382241,76.87
1661382301,77.00
1661382362,77.00
1661382421,76.87
1661382481,76.87
1661382541,76.87
1661382601,76.87
1661382661,76.87
1661382721,76.87
1661382781,76.87
1661382841,76.76
1661382902,76.76
1661382961,76.76
1661383021,76.76
1661383081,76.65
1661383141,76.65
1661383201,76.55
1661383261,76.65
1661383321,76.65
1661383381,76.55
1661383441,76.55
1661383501,76.55
1661383561,76.55
1661383621,76.55
1661383681,76.55
1661383741,76.55
1661383801,76.42
1661383861,76.42
1661383922,76.42
1661383981,76.42
1661384041,76.31
1661384101,76.31
1661384161,76.31
1661384221,76.31
1661384281,76.20
1661384341,76.20
1661384401,76.20
1661384461,76.10
1661384521,76.20
1661384581,76.20
1661384641,76.10
1661384701,76.20
1661384761,76.20
1661384821,76.20
1661384881,76.31
1661384941,76.42
1661385002,76.55
1661385061,76.55
1661385121,76.65
1661385181,76.65
1661385241,76.55
1661385301,76.55
1661385361,76.87
1661385421,76.87
1661385481,76.76
1661385541,77.10
1661385601,77.10
1661385661,76.87
1661385721,77.10
1661385781,77.10
1661385841,77.32
1661385901,77.32
1661385962,77.32
1661386021,77.55
1661386081,77.66
1661386141,77.77
1661386201,77.55
1661386261,77.66
1661386321,77.55
1661386381,77.55
1661386441,77.45
1661386502,77.45
1661386561,77.45
1661386621,77.45
1661386681,77.32
1661386741,77.32
1661386801,77.32
1661386861,77.21
1661386922,77.21
1661386981,77.21
1661387041,77.21
1661387101,77.10
1661387161,77.10
1661387221,77.10
1661387281,77.10
1661387341,77.10
1661387401,77.00
1661387461,77.00
1661387521,77.00
1661387581,77.00
1661387641,76.87
1661387701,76.87
1661387762,76.87
1661387821,76.87
1661387882,76.76
1661387941,76.87
1661388001,76.76
1661388061,76.76
1661388121,76.65
1661388181,76.65
1661388241,76.65
1661388301,76.65
1661388361,76.55
1661388421,76.55
1661388481,76.55
1661388542,76.55
1661388601,76.42
1661388662,76.55
1661388721,76.55
1661388781,76.55
1661388841,76.42
1661388901,76.42
1661388721,
1661401936,77.21
1661401982,77.10
1661402041,77.10
1661402101,77.00
1661402161,77.10
1661402221,77.10
1661402281,77.10
1661402341,77.00
1661402402,76.87
1661402461,77.00
1661402522,76.87
1661402581,76.87
1661402641,76.87
1661402701,76.87
1661402761,76.76
1661402821,76.76
1661402881,76.76
1661402942,76.65
1661403001,76.76
1661436620,
1661436662,77.00
1661436721,77.00
1661436781,76.87
1661436841,76.87
                             1661436902,
1661438360,
1661438401,
1661438461,
1661438522,
1661438582,
1661438642,
1661438701,
1661438761,
1661438821,
1661438881,
1661438941,
1661439001,
1661439061,
1661439121,
1661439181,
1661439241,
1661439301,
1661439361,
1661439421,
1661439481,
1661439541,
1661439601,
1661439661,
1661439721,
1661439781,
1661439841,
1661439901,
1661439961,
1661440021,
1661440081,
1661440141,
1661440201,
1661440261,
1661440321,
1661440381,
1661440442,
1661440502,
1661440562,
1661440622,
1661440681,
1661440742,
1661440802,
1661440862,
1661440922,
1661440981,
1661441041,
1661441101,
1661441161,
1661441221,
1661441281,
1661441341,
1661441401,
1661441461,
1661441521,
1661441581,
1661441641,
1661441701,
1661441761,
1661441821,
1661441881,
1661441941,
1661442001,
1661442061,
1661442121,
1661442181,
1661442241,
1661442301,
1661442361,
1661442421,
1661442481,
1661442542,
1661442602,
1661442662,
1661442722,
1661442781,
1661442842,
1661442901,
1661442961,
1661443022,
1661443082,
1661443142,
1661443202,
1661443261,
1661443321,
1661443381,
1661443441,
1661443501,
1661443561,
1661443621,
1661443681,
1661443741,
1661443801,
1661443861,
1661443921,
1661443981,
1661444041,
1661444101,
1661444161,
1661444221,
1661444281,
1661444341,
1661444401,
1661444461,
1661444521,
1661444581,
1661444641,
1661444701,
1661444761,
1661444821,
1661444881,
1661444941,
1661445001,
1661445061,
1661445121,
1661445181,
1661445241,
1661445301,
1661445362,
1661445422,
1661445482,
1661445541,
1661445601,
1661445661,
1661445722,
1661445782,
1661445841,
1661445901,
1661445961,
1661446021,
1661446081,
1661446141,
1661446201,
1661446261,
1661446321,
1661446381,
1661446441,
1661446501,
1661446561,
1661446621,
1661446681,
1661446741,
1661446801,
1661446861,
1661446921,
1661446981,
1661447041,
1661447101,
1661447161,
1661447221,
1661447281,
1661447341,
1661447401,
1661447461,
1661447521,
1661447581,
1661447641,
1661447701,
1661447761,
1661447821,
1661447881,
1661447941,
1661448001,
1661448061,
1661448121,
1661448181,
1661448241,
1661448301,
1661448361,
1661448421,
1661448481,
1661448542,
1661448602,
1661448662,
1661448722,
1661448781,
1661448841,
1661448901,
1661448961,
1661449021,
1661449081,
1661449141,
1661449201,
1661449261,
1661449321,
1661449381,
1661449441,
1661449501,
1661449561,
1661449621,
1661449681,
1661449741,
1661449801,
1661449861,
1661449921,
1661449981,
1661450041,
1661450101,
1661450161,
1661450221,
1661450281,
1661450341,
1661450401,
1661450461,
1661450521,
1661450581,
1661450641,
1661450701,
1661450761,
1661450821,
1661450881,
1661450941,
1661451001,
1661451062,
1661451122,
1661451182,
1661451242,
1661451301,
1661451361,
1661451422,
1661451482,
1661451541,
1661451601,
1661451661,
1661451721,
1661451781,
1661451841,
1661451901,
1661451961,
1661452021,
1661452081,
1661452141,
1661452201,
1661452261,
1661452321,
1661452381,
1661452441,
1661452501,
1661452561,
1661452621,
1661452681,
1661452741,
1661452801,
1661452861,
1661452921,
1661452981,
1661453041,
1661453101,
1661453161,
1661453221,
1661453281,
1661453341,
1661453401,
1661453461,
1661453521,
1661453581,
1661453641,
1661453701,
1661453761,
1661453822,
1661453881,
1661453942,
1661454002,
1661454062,
1661454122,
1661454182,
1661454242,
1661454301,
1661454361,
1661454421,
1661454481,
1661454541,
1661454601,
1661454661,
1661454721,
1661454781,
1661454841,
1661454901,
1661454961,
1661455021,
1661455081,
1661455141,
1661455201,
1661455261,
1661455321,
1661455381,
1661455441,
1661455501,
1661455561,
1661455621,
1661455681,
1661455741,
1661455801,
1661455861,
1661455921,
1661455981,
1661456041,
1661456101,
1661456161,
1661456221,
1661456281,
1661456341,
1661456401,
1661456461,
1661456521,
1661456581,
1661456641,
1661456701,
1661456761,
1661456821,
1661456881,
1661456941,
1661457001,
1661457061,
1661457121,
1661457181,
1661457241,
1661457301,
1661457361,
1661457421,
1661457482,
1661457542,
1661457602,
1661457661,
1661457721,
1661457781,
1661457841,
1661457901,
1661457961,
1661458021,
1661458081,
1661458141,
1661458201,
1661458261,
1661458321,
1661458381,
1661458441,
1661458501,
1661458561,
1661458621,
1661458681,
1661458741,
1661458801,
1661458861,
1661458921,
1661458981,
1661459041,
1661459101,
1661459161,
1661459221,
1661459281,
1661459341,
1661459401,
1661459461,
1661459521,
1661459581,
1661459641,
1661459701,
1661459761,
1661459821,
1661459881,
1661459941,
1661460001,
1661460061,
1661460121,
1661460181,
1661460242,
1661460302,
1661460362,
1661460421,
1661460481,
1661460541,
1661460601,
1661460661,
1661460721,
1661460781,
1661460841,
1661460901,
1661460961,
1661461021,
1661461081,
1661461141,
1661461201,
1661461261,
1661461321,
1661461381,
1661461389,
1661461441,
1661461501,
1661461561,
1661461621,
1661461681,NA
1661461741,
1661461801,
1661461861,
1661461922,0
1661461981,not set
1661462041,NA
1661462101,NA
1661462161,NA
1661462221,NA
1661462281,NA
1661462341,NA
1661462401,NA
1661462461,NA
1661462521,NA
1661462581,NA
1661462641,NA
1661462701,NA
1661462761,NA
1661462821,NA
1661462881,NA
1661462941,NA
1661463001,NA
1661463061,NA
1661463121,NA
1661463181,NA
1661463242,NA
1661463301,NA
1661463361,NA
1661463421,NA
1661463481,NA
1661463541,NA
1661463601,NA
1661463661,NA
1661463721,NA
1661463781,NA
1661463841,NA
1661463901,NA
1661463961,NA
1661464021,NA
1661464081,NA
1661464141,NA
1661464202,NA
1661464261,NA
1661464321,NA
1661464381,NA
1661464441,NA
1661464502,NA
1661464561,NA
1661464621,NA
1661464681,NA
1661464741,NA
1661464802,NA
1661464861,NA
1661464921,NA
1661464981,NA
1661465041,NA
1661465102,NA
1661465161,NA
1661465221,NA
1661465281,NA
1661465341,NA
1661465401,NA
1661465461,NA
1661465521,NA
1661465581,NA
1661465641,NA
1661465701,NA
1661465761,NA
1661465821,NA
1661465881,NA
1661465941,NA
1661466001,NA
1661466061,NA
1661466122,NA
1661466181,NA
1661466241,NA
1661466301,NA
1661466361,NA
1661466422,NA
1661466481,NA
1661466541,NA
1661466601,NA
1661466661,NA
1661466721,NA
1661466781,NA
1661466841,NA
1661466901,NA
1661466961,NA
1661467022,NA
1661467081,NA
1661467141,NA
1661467201,NA
1661467261,NA
1661467322,NA
1661467381,NA
1661467441,NA
1661467501,NA
1661467561,NA
1661467622,NA
1661467681,NA
1661467741,NA
1661467801,NA
1661467861,NA
1661467921,NA
1661467981,NA
1661468041,NA
1661468101,NA
1661468161,NA
1661468221,NA
1661468282,NA
1661468341,NA
1661468401,NA
1661468461,NA
1661468521,NA
1661468582,NA
1661468641,NA
1661468701,NA
1661468761,NA
1661468821,NA
1661468882,NA
1661468941,NA
1661469001,NA
1661469061,NA
1661469121,NA
1661469182,NA
1661469241,NA
1661469301,NA
1661469361,NA
1661469421,NA
1661469481,NA
1661469542,NA
1661469601,NA
1661469661,NA
1661469721,NA
1661469781,NA
1661469841,NA
1661469901,NA
1661469961,NA
1661470021,NA
1661470081,NA
1661470141,NA
1661470201,NA
1661470261,NA
1661470321,NA
1661470381,NA
1661470441,NA
1661470502,NA
1661470561,NA
1661470621,NA
1661470681,NA
1661470741,NA
1661470802,NA
1661470861,NA
1661470921,NA
1661470981,NA
1661471041,NA
1661471102,NA
1661471161,NA
1661471221,NA
1661471281,NA
1661471341,NA
1661471402,NA
1661471461,NA
1661471521,NA
1661471581,NA
1661471641,NA
1661471701,NA
1661471761,NA
1661471821,NA
1661471881,NA
1661471941,NA
1661472001,NA
1661472062,NA
1661472121,NA
1661472181,NA
1661472241,NA
1661472301,NA
1661472362,NA
1661472421,NA
1661472481,NA
1661472541,NA
1661472601,NA
1661472662,NA
1661472721,NA
1661472781,NA
1661472841,NA
1661472901,NA
1661472962,NA
1661473022,NA
1661473081,NA
1661473141,NA
1661473201,NA
1661473261,NA
1661473322,NA
1661473381,NA
1661473441,NA
1661473501,NA
1661473561,NA
1661473622,NA
1661473681,NA
1661473741,NA
1661473801,NA
1661473861,NA
1661473922,NA
1661473981,NA
1661474041,NA
1661474101,NA
1661474161,NA
1661474221,NA
1661474281,NA
1661474341,NA
1661474401,NA
1661474461,NA
1661474521,NA
1661474581,NA
1661474641,NA
1661474701,NA
1661474761,NA
1661474821,NA
1661474881,NA
1661474941,NA
1661475001,NA
1661475061,NA
1661475121,NA
1661475181,NA
1661475241,NA
1661475301,NA
1661475361,NA
1661475421,NA
1661475481,NA
1661475541,NA
1661475601,NA
1661475661,NA
1661475721,NA
1661475782,NA
1661475841,NA
1661475901,NA
1661475961,NA
1661476021,NA
1661476082,NA
1661476141,NA
1661476201,NA
1661476261,NA
1661476321,NA
1661476382,NA
1661476441,NA
1661476501,NA
1661476561,NA
1661476621,NA
1661476681,NA
1661476742,NA
1661476801,NA
1661476861,NA
1661476921,NA
1661476981,NA
1661477042,NA
1661477101,NA
1661477161,NA
1661477221,NA
1661477281,NA
1661477342,NA
1661477401,NA
1661477461,NA
1661477521,NA
1661477581,NA
1661477641,NA
1661477701,NA
1661477761,NA
1661477821,NA
1661477881,NA
1661477941,NA
1661478001,NA
1661478061,NA
1661478121,NA
1661478181,NA
1661478241,NA
1661478302,NA
1661478361,NA
1661478421,NA
1661478481,NA
1661478541,NA
1661478602,NA
1661478661,NA
1661478721,NA
1661478781,NA
1661478841,NA
1661478902,NA
1661478961,NA
1661479021,NA
1661479081,NA
1661479141,NA
1661479202,NA
1661479261,NA
1661479321,NA
1661479381,NA
1661479441,NA
1661479501,NA
1661479561,NA
1661479621,NA
1661479681,NA
1661479741,NA
1661479801,NA
1661479861,NA
1661479921,NA
1661479981,NA
1661480041,NA
1661480101,NA
1661480162,NA
1661480221,NA
1661480281,NA
1661480341,NA
1661480401,NA
1661480461,NA
1661480521,NA
1661480581,NA
1661480641,NA
1661480701,NA
1661480761,NA
1661480821,NA
1661480881,NA
1661480941,NA
1661481001,NA
1661481061,NA
1661481122,NA
1661481181,NA
1661481241,NA
1661481301,NA
1661481361,NA
1661481422,NA
1661481481,NA
1661481541,NA
1661481601,NA
1661481661,NA
1661481722,NA
1661481781,NA
1661481841,NA
1661481901,NA
1661481961,NA
1661482022,NA
1661482081,NA
1661482141,NA
1661482201,NA
1661482261,NA
1661482321,NA
1661482382,NA
1661482441,NA
1661482501,NA
1661482561,NA
1661482621,NA
1661482681,NA
1661482741,NA
1661482801,NA
1661482861,NA
1661482921,NA
1661482982,NA
1661483041,NA
1661483101,NA
1661483161,NA
1661483221,NA
1661483282,NA
1661483341,NA
1661483401,NA
1661483461,NA
1661483521,NA
1661483582,NA
1661483641,NA
1661483701,NA
1661483761,NA
1661483821,NA
1661483881,NA
1661483942,NA
1661484001,NA
1661484061,NA
1661484121,NA
1661484181,NA
1661484242,NA
1661484301,NA
1661484361,NA
1661484421,NA
1661484481,NA
1661484542,NA
1661484601,NA
1661484661,NA
1661484721,NA
1661484781,NA
1661484841,NA
1661484901,NA
1661484961,NA
1661485021,NA
1661485081,NA
1661485141,NA
1661485201,NA
1661485261,NA
1661485321,NA
1661485381,NA
1661485441,NA
1661485502,NA
1661485561,NA
1661485621,NA
1661485681,NA
1661485741,NA
1661485802,NA
1661485861,NA
1661485921,NA
1661485981,NA
1661486041,NA
1661486102,NA
1661486161,NA
1661486221,NA
1661486281,NA
1661486341,NA
1661486402,NA
1661486461,NA
1661486521,NA
1661486581,NA
1661486641,NA
1661486701,NA
1661486761,NA
1661486821,NA
1661486881,NA
1661486941,NA
1661487001,NA
1661487061,NA
1661487121,NA
1661487181,NA
1661487241,NA
1661487301,NA
1661487362,NA
1661487421,NA
1661487481,NA
1661487541,NA
1661487601,NA
1661487661,NA
1661487721,NA
1661487781,NA
1661487841,NA
1661487901,NA
1661487961,NA
1661488021,NA
1661488081,NA
1661488141,NA
1661488201,NA
1661488261,NA
1661488322,NA
1661488381,NA
1661488441,NA
1661488501,NA
1661488561,NA
1661488622,NA
1661488681,NA
1661488741,NA
1661488801,NA
1661488861,NA
1661488922,NA
1661488981,NA
1661489041,NA
1661489101,NA
1661489161,NA
1661489222,NA
1661489281,NA
1661489341,NA
1661489401,NA
1661489461,NA
1661489521,NA
1661520912,NA
1661520961,NA
1661521021,NA
1661521081,NA
1661521141,NA
1661521201,NA
1661521261,NA
1661521321,NA
1661521381,NA
1661521441,NA
1661521501,NA
1661521561,NA
1661521621,NA
1661521681,NA
1661521741,NA
1661521801,NA
1661521861,NA
1661521921,NA
1661521981,NA
1661522041,NA
1661522101,NA
1661522161,NA
1661522221,NA
1661522281,NA
1661522341,NA
1661522401,NA
1661522461,NA
